Added Menu - about_me_eng.html - 02nd of June, 2018, 06:43:11
Added Menu - about_me_lat.html - 02nd of June, 2018, 06:43:12
Added Menu - about_me_rus.html - 02nd of June, 2018, 06:43:12
Added Menu - about_work_eng.html - 02nd of June, 2018, 06:43:12
Added Menu - about_work_lat.html - 02nd of June, 2018, 06:43:12
Added Menu - about_work_rus.html - 02nd of June, 2018, 06:43:12
Added Menu - about_me_eng.html - 02nd of June, 2018, 06:45:48
Added Menu - about_me_lat.html - 02nd of June, 2018, 06:45:48
Added Menu - about_me_rus.html - 02nd of June, 2018, 06:45:48
Added Menu - about_work_eng.html - 02nd of June, 2018, 06:45:48
Added Menu - about_work_lat.html - 02nd of June, 2018, 06:45:48
Added Menu - about_work_rus.html - 02nd of June, 2018, 06:45:48
Added Menu - about_me_eng.html - 02nd of June, 2018, 06:48:54
Added Menu - about_me_lat.html - 02nd of June, 2018, 06:48:55
Added Menu - about_me_rus.html - 02nd of June, 2018, 06:48:55
Added Menu - about_work_eng.html - 02nd of June, 2018, 06:48:55
Added Menu - about_work_lat.html - 02nd of June, 2018, 06:48:55
Added Menu - about_work_rus.html - 02nd of June, 2018, 06:48:55
Added Menu - about_me_eng.html - 02nd of June, 2018, 07:44:54 UTC.
Added Menu - about_me_lat.html - 02nd of June, 2018, 07:44:54 UTC.
Added Menu - about_me_rus.html - 02nd of June, 2018, 07:44:55 UTC.
Added Menu - about_work_eng.html - 02nd of June, 2018, 07:44:55 UTC.
Added Menu - about_work_lat.html - 02nd of June, 2018, 07:44:55 UTC.
Added Menu - about_work_rus.html - 02nd of June, 2018, 07:44:55 UTC.
Added Menu - movies_action_horror_eng.html - 04th of June, 2018, 14:22:24 UTC.
Added Menu - movies_action_horror_rus.html - 04th of June, 2018, 14:22:24 UTC.
Added Menu - movies_animation_eng.html - 04th of June, 2018, 14:22:25 UTC.
Added Menu - movies_animation_for_adults_eng.html - 04th of June, 2018, 14:22:25 UTC.
Added Menu - movies_animation_for_adults_rus.html - 04th of June, 2018, 14:22:25 UTC.
Added Menu - movies_animation_rus.html - 04th of June, 2018, 14:22:25 UTC.
Added Menu - movies_anime_eng.html - 04th of June, 2018, 14:22:25 UTC.
Added Menu - movies_anime_rus.html - 04th of June, 2018, 14:22:26 UTC.
Added Menu - movies_banionis_bondarchuk_eng.html - 04th of June, 2018, 14:22:26 UTC.
Added Menu - movies_banionis_bondarchuk_rus.html - 04th of June, 2018, 14:22:26 UTC.
Added Menu - movies_body_horror_eng.html - 04th of June, 2018, 14:22:26 UTC.
Added Menu - movies_body_horror_rus.html - 04th of June, 2018, 14:22:26 UTC.
Added Menu - movies_cruise_eng.html - 04th of June, 2018, 14:22:26 UTC.
Added Menu - movies_cruise_rus.html - 04th of June, 2018, 14:22:26 UTC.
Added Menu - movies_diesel_eng.html - 04th of June, 2018, 14:22:27 UTC.
Added Menu - movies_diesel_rus.html - 04th of June, 2018, 14:22:27 UTC.
Added Menu - movies_douglas_eng.html - 04th of June, 2018, 14:22:27 UTC.
Added Menu - movies_douglas_rus.html - 04th of June, 2018, 14:22:27 UTC.
Added Menu - movies_dystopia_eng.html - 04th of June, 2018, 14:22:28 UTC.
Added Menu - movies_dystopia_rus.html - 04th of June, 2018, 14:22:28 UTC.
Added Menu - movies_fishburne_eng.html - 04th of June, 2018, 14:22:28 UTC.
Added Menu - movies_fishburne_rus.html - 04th of June, 2018, 14:22:28 UTC.
Added Menu - movies_gostjuhin_eng.html - 04th of June, 2018, 14:22:28 UTC.
Added Menu - movies_gostjuhin_rus.html - 04th of June, 2018, 14:22:28 UTC.
Added Menu - movies_hauer_eng.html - 04th of June, 2018, 14:22:28 UTC.
Added Menu - movies_hauer_rus.html - 04th of June, 2018, 14:22:28 UTC.
Added Menu - movies_jovovich_eng.html - 04th of June, 2018, 14:22:29 UTC.
Added Menu - movies_jovovich_rus.html - 04th of June, 2018, 14:22:29 UTC.
Added Menu - movies_metelkina_eng.html - 04th of June, 2018, 14:22:29 UTC.
Added Menu - movies_metelkina_rus.html - 04th of June, 2018, 14:22:29 UTC.
Added Menu - movies_mironov_eng.html - 04th of June, 2018, 14:22:29 UTC.
Added Menu - movies_mironov_rus.html - 04th of June, 2018, 14:22:29 UTC.
Added Menu - movies_musical_eng.html - 04th of June, 2018, 14:22:30 UTC.
Added Menu - movies_musical_rus.html - 04th of June, 2018, 14:22:33 UTC.
Added Menu - movies_newman_eng.html - 04th of June, 2018, 14:22:33 UTC.
Added Menu - movies_newman_rus.html - 04th of June, 2018, 14:22:33 UTC.
Added Menu - movies_not_satanic_eng.html - 04th of June, 2018, 14:22:33 UTC.
Added Menu - movies_not_satanic_rus.html - 04th of June, 2018, 14:22:33 UTC.
Added Menu - movies_pilot_eng.html - 04th of June, 2018, 14:22:34 UTC.
Added Menu - movies_pilot_rus.html - 04th of June, 2018, 14:22:34 UTC.
Added Menu - movies_post_apocalyptic_eng.html - 04th of June, 2018, 14:22:34 UTC.
Added Menu - movies_post_apocalyptic_rus.html - 04th of June, 2018, 14:22:34 UTC.
Added Menu - movies_schwarzenegger_eng.html - 04th of June, 2018, 14:22:35 UTC.
Added Menu - movies_schwarzenegger_rus.html - 04th of June, 2018, 14:22:35 UTC.
Added Menu - movies_series_eng.html - 04th of June, 2018, 14:22:35 UTC.
Added Menu - movies_series_rus.html - 04th of June, 2018, 14:22:35 UTC.
Added Menu - movies_short_eng.html - 04th of June, 2018, 14:22:35 UTC.
Added Menu - movies_short_rus.html - 04th of June, 2018, 14:22:35 UTC.
Added Menu - movies_sitcom_eng.html - 04th of June, 2018, 14:22:35 UTC.
Added Menu - movies_sitcom_rus.html - 04th of June, 2018, 14:22:36 UTC.
Added Menu - movies_space_opera_eng.html - 04th of June, 2018, 14:22:36 UTC.
Added Menu - movies_space_opera_rus.html - 04th of June, 2018, 14:22:36 UTC.
Added Menu - movies_stallone_eng.html - 04th of June, 2018, 14:22:36 UTC.
Added Menu - movies_stallone_rus.html - 04th of June, 2018, 14:22:36 UTC.
Added Menu - movies_statham_eng.html - 04th of June, 2018, 14:22:37 UTC.
Added Menu - movies_statham_rus.html - 04th of June, 2018, 14:22:37 UTC.
Added Menu - movies_superhero_dc_eng.html - 04th of June, 2018, 14:22:37 UTC.
Added Menu - movies_superhero_dc_rus.html - 04th of June, 2018, 14:22:37 UTC.
Added Menu - movies_superhero_marvel_eng.html - 04th of June, 2018, 14:22:37 UTC.
Added Menu - movies_superhero_marvel_rus.html - 04th of June, 2018, 14:22:37 UTC.
Added Menu - movies_superhero_other_eng.html - 04th of June, 2018, 14:22:37 UTC.
Added Menu - movies_superhero_other_rus.html - 04th of June, 2018, 14:22:38 UTC.
Added Menu - movies_terentjev_boldyreva_eng.html - 04th of June, 2018, 14:22:38 UTC.
Added Menu - movies_terentjev_boldyreva_rus.html - 04th of June, 2018, 14:22:38 UTC.
Added Menu - movies_villis_eng.html - 04th of June, 2018, 14:22:39 UTC.
Added Menu - movies_villis_rus.html - 04th of June, 2018, 14:22:39 UTC.
Added Menu - movies_zhigunov_eng.html - 04th of June, 2018, 14:22:39 UTC.
Added Menu - movies_zhigunov_rus.html - 04th of June, 2018, 14:22:39 UTC.

--------------20th of June, 2018, 04:22:03 UTC --------------
0. Added Menu - test.html - 2, Replacements, Line #(s) - 26, 0.

--------------24th of June, 2018, 10:34:30 UTC --------------
0. Added Menu - software_development_c++_rus.html - 2, Replacement(s), Line #(s) - 21, 908.
1. Added Menu - software_development_coreldraw_rus.html - 2, Replacement(s), Line #(s) - 21, 815.
2. Added Menu - software_development_eclipse_rus.html - 2, Replacement(s), Line #(s) - 20, 785.
3. Added Menu - software_development_fortran_rus.html - 2, Replacement(s), Line #(s) - 22, 909.
4. Added Menu - software_development_gimp_rus.html - 2, Replacement(s), Line #(s) - 21, 825.
5. Added Menu - software_development_goldvawe_rus.html - 2, Replacement(s), Line #(s) - 21, 807.
6. Added Menu - software_development_html_rus.html - 2, Replacement(s), Line #(s) - 21, 906.
7. Added Menu - software_development_it_music_rus.html - 2, Replacement(s), Line #(s) - 27, 756.
8. Added Menu - software_development_javascript_rus.html - 2, Replacement(s), Line #(s) - 21, 908.
9. Added Menu - software_development_laravel_rus.html - 2, Replacement(s), Line #(s) - 21, 908.
10. Added Menu - software_development_latex_rus.html - 2, Replacement(s), Line #(s) - 21, 808.
11. Added Menu - software_development_mathcad_rus.html - 2, Replacement(s), Line #(s) - 22, 790.
12. Added Menu - software_development_matlab_rus.html - 2, Replacement(s), Line #(s) - 22, 793.
13. Added Menu - software_development_microsoft_office_rus.html - 2, Replacement(s), Line #(s) - 22, 805.
14. Added Menu - software_development_movie_maker_online_rus.html - 2, Replacement(s), Line #(s) - 21, 803.
15. Added Menu - software_development_netbeans_rus.html - 2, Replacement(s), Line #(s) - 21, 789.
16. Added Menu - software_development_notepad++_rus.html - 2, Replacement(s), Line #(s) - 21, 805.
17. Added Menu - software_development_paint_rus.html - 2, Replacement(s), Line #(s) - 21, 817.
18. Added Menu - software_development_photoshop_rus.html - 2, Replacement(s), Line #(s) - 21, 820.
19. Added Menu - software_development_php_rus.html - 2, Replacement(s), Line #(s) - 21, 910.
20. Added Menu - software_development_python_rus.html - 2, Replacement(s), Line #(s) - 21, 909.
21. Added Menu - software_development_ruby_on_rails_rus.html - 2, Replacement(s), Line #(s) - 21, 909.
22. Added Menu - software_development_visual_basic_rus.html - 2, Replacement(s), Line #(s) - 21, 905.
23. Added Menu - software_development_windows_movie_maker_rus.html - 2, Replacement(s), Line #(s) - 21, 804.

--------------24th of June, 2018, 10:35:25 UTC --------------
0. Added Menu - software_development_c++_rus.html - 2, Replacement(s), Line #(s) - 21, 908.
1. Added Menu - software_development_coreldraw_rus.html - 2, Replacement(s), Line #(s) - 21, 815.
2. Added Menu - software_development_eclipse_rus.html - 2, Replacement(s), Line #(s) - 20, 785.
3. Added Menu - software_development_fortran_rus.html - 2, Replacement(s), Line #(s) - 22, 909.
4. Added Menu - software_development_gimp_rus.html - 2, Replacement(s), Line #(s) - 21, 825.
5. Added Menu - software_development_goldvawe_rus.html - 2, Replacement(s), Line #(s) - 21, 807.
6. Added Menu - software_development_html_rus.html - 2, Replacement(s), Line #(s) - 21, 906.
7. Added Menu - software_development_it_music_rus.html - 2, Replacement(s), Line #(s) - 27, 756.
8. Added Menu - software_development_javascript_rus.html - 2, Replacement(s), Line #(s) - 21, 908.
9. Added Menu - software_development_laravel_rus.html - 2, Replacement(s), Line #(s) - 21, 908.
10. Added Menu - software_development_latex_rus.html - 2, Replacement(s), Line #(s) - 21, 808.
11. Added Menu - software_development_mathcad_rus.html - 2, Replacement(s), Line #(s) - 22, 790.
12. Added Menu - software_development_matlab_rus.html - 2, Replacement(s), Line #(s) - 22, 793.
13. Added Menu - software_development_microsoft_office_rus.html - 2, Replacement(s), Line #(s) - 22, 805.
14. Added Menu - software_development_movie_maker_online_rus.html - 2, Replacement(s), Line #(s) - 21, 803.
15. Added Menu - software_development_netbeans_rus.html - 2, Replacement(s), Line #(s) - 21, 789.
16. Added Menu - software_development_notepad++_rus.html - 2, Replacement(s), Line #(s) - 21, 805.
17. Added Menu - software_development_paint_rus.html - 2, Replacement(s), Line #(s) - 21, 817.
18. Added Menu - software_development_photoshop_rus.html - 2, Replacement(s), Line #(s) - 21, 820.
19. Added Menu - software_development_php_rus.html - 2, Replacement(s), Line #(s) - 21, 910.
20. Added Menu - software_development_python_rus.html - 2, Replacement(s), Line #(s) - 21, 909.
21. Added Menu - software_development_ruby_on_rails_rus.html - 2, Replacement(s), Line #(s) - 21, 909.
22. Added Menu - software_development_visual_basic_rus.html - 2, Replacement(s), Line #(s) - 21, 905.
23. Added Menu - software_development_windows_movie_maker_rus.html - 2, Replacement(s), Line #(s) - 21, 804.

--------------24th of June, 2018, 10:36:08 UTC --------------
0. Added Menu - software_development_c++_eng.html - 2, Replacement(s), Line #(s) - 19, 915.
1. Added Menu - software_development_coreldraw_eng.html - 2, Replacement(s), Line #(s) - 19, 829.
2. Added Menu - software_development_eclipse_eng.html - 2, Replacement(s), Line #(s) - 20, 801.
3. Added Menu - software_development_fortran_eng.html - 2, Replacement(s), Line #(s) - 19, 912.
4. Added Menu - software_development_gimp_eng.html - 2, Replacement(s), Line #(s) - 19, 827.
5. Added Menu - software_development_goldvawe_eng.html - 2, Replacement(s), Line #(s) - 19, 815.
6. Added Menu - software_development_html_eng.html - 2, Replacement(s), Line #(s) - 20, 914.
7. Added Menu - software_development_it_music_eng.html - 2, Replacement(s), Line #(s) - 26, 765.
8. Skipped - software_development_javascript_eng.html.
9. Added Menu - software_development_laravel_eng.html - 2, Replacement(s), Line #(s) - 19, 915.
10. Added Menu - software_development_latex_eng.html - 2, Replacement(s), Line #(s) - 19, 819.
11. Added Menu - software_development_mathcad_eng.html - 2, Replacement(s), Line #(s) - 21, 793.
12. Added Menu - software_development_matlab_eng.html - 2, Replacement(s), Line #(s) - 20, 797.
13. Added Menu - software_development_microsoft_office_eng.html - 2, Replacement(s), Line #(s) - 19, 817.
14. Added Menu - software_development_movie_maker_online_eng.html - 2, Replacement(s), Line #(s) - 19, 820.
15. Added Menu - software_development_netbeans_eng.html - 2, Replacement(s), Line #(s) - 19, 796.
16. Added Menu - software_development_notepad++_eng.html - 2, Replacement(s), Line #(s) - 19, 819.
17. Added Menu - software_development_paint_eng.html - 2, Replacement(s), Line #(s) - 19, 827.
18. Added Menu - software_development_photoshop_eng.html - 2, Replacement(s), Line #(s) - 19, 827.
19. Added Menu - software_development_php_eng.html - 2, Replacement(s), Line #(s) - 19, 914.
20. Added Menu - software_development_python_eng.html - 2, Replacement(s), Line #(s) - 20, 915.
21. Added Menu - software_development_ruby_on_rails_eng.html - 2, Replacement(s), Line #(s) - 19, 914.
22. Added Menu - software_development_visual_basic_eng.html - 2, Replacement(s), Line #(s) - 19, 911.
23. Added Menu - software_development_windows_movie_maker_eng.html - 2, Replacement(s), Line #(s) - 19, 816.

--------------26th of June, 2018, 10:20:43 UTC --------------
1. Added Menu - music_metal_alternative_eng.html - 2 Replacement(s), Line #(s) - 19, 1006.
2. Added Menu - music_metal_alternative_rus.html - 2 Replacement(s), Line #(s) - 21, 1009.
3. Added Menu - music_metal_black_eng.html - 2 Replacement(s), Line #(s) - 19, 1009.
4. Added Menu - music_metal_black_rus.html - 2 Replacement(s), Line #(s) - 19, 1008.
5. Added Menu - music_metal_death_eng.html - 2 Replacement(s), Line #(s) - 22, 1017.
6. Added Menu - music_metal_death_rus.html - 2 Replacement(s), Line #(s) - 22, 1013.
7. Added Menu - music_metal_gothic_eng.html - 2 Replacement(s), Line #(s) - 26, 1020.
8. Added Menu - music_metal_gothic_rus.html - 2 Replacement(s), Line #(s) - 28, 1023.
9. Added Menu - music_metal_power_eng.html - 2 Replacement(s), Line #(s) - 19, 1015.
10. Added Menu - music_metal_power_rus.html - 2 Replacement(s), Line #(s) - 21, 1012.
11. Added Menu - music_metal_symphonic_eng.html - 2 Replacement(s), Line #(s) - 26, 1018.
12. Added Menu - music_metal_symphonic_rus.html - 2 Replacement(s), Line #(s) - 27, 1022.

--------------29th of June, 2018, 15:45:16 UTC --------------
1. Added Menu - about_me_lat.html - 2 Replacement(s), Line #(s) - 24, 332.
2. Added Menu - about_work_lat.html - 2 Replacement(s), Line #(s) - 24, 332.
3. Added Menu - amv_2012_lat.html - 2 Replacement(s), Line #(s) - 22, 367.
4. Added Menu - amv_lat.html - 2 Replacement(s), Line #(s) - 22, 371.
5. Added Menu - fotos_images_about_ceccoli_lat.html - 2 Replacement(s), Line #(s) - 25, 528.
6. Added Menu - fotos_images_about_kukula_lat.html - 2 Replacement(s), Line #(s) - 24, 613.
7. Added Menu - fotos_images_about_mai_ja_lat.html - 2 Replacement(s), Line #(s) - 24, 572.
8. Added Menu - fotos_images_about_minjae_lee_lat.html - 2 Replacement(s), Line #(s) - 25, 719.
9. Added Menu - fotos_images_about_stokes_lat.html - 2 Replacement(s), Line #(s) - 24, 627.
10. Added Menu - fotos_images_ceccoli_works_lat.html - 2 Replacement(s), Line #(s) - 25, 524.
11. Added Menu - fotos_images_kukula_haute_debutant_lat.html - 2 Replacement(s), Line #(s) - 24, 609.
12. Added Menu - fotos_images_kukula_pop_royale_lat.html - 2 Replacement(s), Line #(s) - 24, 610.
13. Added Menu - fotos_images_kukula_selected_paintings_lat.html - 2 Replacement(s), Line #(s) - 23, 609.
14. Added Menu - fotos_images_kukula_the_adventures_of_rasberry_finn_lat.html - 2 Replacement(s), Line #(s) - 24, 611.
15. Added Menu - fotos_images_kukula_the_huntington_epidemic_lat.html - 2 Replacement(s), Line #(s) - 24, 608.
16. Added Menu - fotos_images_mai_ja_digital_paintings_lat.html - 2 Replacement(s), Line #(s) - 25, 574.
17. Added Menu - fotos_images_mai_ja_traditional_paintings_lat.html - 2 Replacement(s), Line #(s) - 25, 573.
18. Added Menu - fotos_images_mai_ja_video_lat.html - 2 Replacement(s), Line #(s) - 24, 572.
19. Added Menu - fotos_images_minjae_lee_2007_lat.html - 2 Replacement(s), Line #(s) - 25, 719.
20. Added Menu - fotos_images_minjae_lee_2008_lat.html - 2 Replacement(s), Line #(s) - 25, 719.
21. Added Menu - fotos_images_minjae_lee_2009_lat.html - 2 Replacement(s), Line #(s) - 25, 719.
22. Added Menu - fotos_images_minjae_lee_2010_lat.html - 2 Replacement(s), Line #(s) - 25, 719.
23. Added Menu - fotos_images_minjae_lee_2011_lat.html - 2 Replacement(s), Line #(s) - 25, 719.
24. Added Menu - fotos_images_minjae_lee_2012_lat.html - 2 Replacement(s), Line #(s) - 25, 719.
25. Added Menu - fotos_images_minjae_lee_2013_lat.html - 2 Replacement(s), Line #(s) - 25, 719.
26. Added Menu - fotos_images_minjae_lee_2014_lat.html - 2 Replacement(s), Line #(s) - 25, 719.
27. Added Menu - fotos_images_minjae_lee_2015_lat.html - 2 Replacement(s), Line #(s) - 25, 719.
28. Added Menu - fotos_images_minjae_lee_2016_lat.html - 2 Replacement(s), Line #(s) - 25, 719.
29. Added Menu - fotos_images_minjae_lee_2017_lat.html - 2 Replacement(s), Line #(s) - 25, 719.
30. Added Menu - fotos_images_stokes_age_of_dragons_lat.html - 2 Replacement(s), Line #(s) - 24, 630.
31. Added Menu - fotos_images_stokes_dragons_lat.html - 2 Replacement(s), Line #(s) - 26, 631.
32. Added Menu - fotos_images_stokes_fae_lat.html - 2 Replacement(s), Line #(s) - 24, 630.
33. Added Menu - fotos_images_stokes_gothic_lat.html - 2 Replacement(s), Line #(s) - 23, 626.
34. Added Menu - fotos_images_stokes_steampunk_lat.html - 2 Replacement(s), Line #(s) - 25, 631.
35. Added Menu - fotos_images_stokes_tribal_lat.html - 2 Replacement(s), Line #(s) - 25, 632.
36. Added Menu - fotos_me_lat.html - 2 Replacement(s), Line #(s) - 24, 549.
37. Added Menu - fotos_soviet_ads_lat.html - 2 Replacement(s), Line #(s) - 24, 487.
38. Added Menu - fotos_summer_2012_lat.html - 2 Replacement(s), Line #(s) - 24, 553.
39. Added Menu - fotos_zveri_2012_lat.html - 2 Replacement(s), Line #(s) - 24, 554.
40. Added Menu - index_lat.html - 2 Replacement(s), Line #(s) - 30, 518.
41. Added Menu - links_lat.html - 2 Replacement(s), Line #(s) - 21, 337.
42. Added Menu - news_lat.html - 2 Replacement(s), Line #(s) - 28, 518.
43. Added Menu - phd_lat.html - 2 Replacement(s), Line #(s) - 21, 332.
44. Added Menu - radio_lat.html - 2 Replacement(s), Line #(s) - 19, 334.
45. Added Menu - stuff_9_may_lat.html - 2 Replacement(s), Line #(s) - 24, 629.
46. Added Menu - stuff_chupacabra_lat.html - 2 Replacement(s), Line #(s) - 22, 447.
47. Added Menu - stuff_count_dracula_lat.html - 2 Replacement(s), Line #(s) - 24, 622.
48. Added Menu - stuff_educational_lat.html - 2 Replacement(s), Line #(s) - 24, 448.
49. Added Menu - stuff_hyperspace_lat.html - 2 Replacement(s), Line #(s) - 21, 448.
50. Added Menu - stuff_images_general_lat.html - 2 Replacement(s), Line #(s) - 22, 447.
51. Added Menu - stuff_judaism_lat.html - 2 Replacement(s), Line #(s) - 23, 624.
52. Added Menu - stuff_lat.html - 2 Replacement(s), Line #(s) - 24, 622.
53. Added Menu - stuff_latin_lat.html - 2 Replacement(s), Line #(s) - 23, 625.
54. Added Menu - stuff_phd_lat.html - 2 Replacement(s), Line #(s) - 24, 625.
55. Added Menu - stuff_russian_lat.html - 2 Replacement(s), Line #(s) - 23, 625.
56. Added Menu - stuff_ussr_lat.html - 2 Replacement(s), Line #(s) - 23, 623.
57. Added Menu - stuff_warlock_lat.html - 2 Replacement(s), Line #(s) - 21, 446.
58. Added Menu - stuff_yeralash_lat.html - 2 Replacement(s), Line #(s) - 23, 623.

--------------07th of July, 2018, 10:01:55 UTC --------------
1. Added Menu - movies_actor_banionis_bondarchuk_eng.html - 2 Replacement(s), Line #(s) - 19, 1046.
2. Added Menu - movies_actor_banionis_bondarchuk_rus.html - 2 Replacement(s), Line #(s) - 19, 1053.
3. Added Menu - movies_actor_cage_eng.html - 2 Replacement(s), Line #(s) - 19, 1047.
4. Added Menu - movies_actor_cage_rus.html - 2 Replacement(s), Line #(s) - 19, 1051.
5. Added Menu - movies_actor_cruise_eng.html - 2 Replacement(s), Line #(s) - 18, 1043.
6. Added Menu - movies_actor_cruise_rus.html - 2 Replacement(s), Line #(s) - 21, 1054.
7. Added Menu - movies_actor_diesel_eng.html - 2 Replacement(s), Line #(s) - 18, 1042.
8. Added Menu - movies_actor_diesel_rus.html - 2 Replacement(s), Line #(s) - 19, 1048.
9. Added Menu - movies_actor_douglas_eng.html - 2 Replacement(s), Line #(s) - 18, 1045.
10. Added Menu - movies_actor_douglas_rus.html - 2 Replacement(s), Line #(s) - 20, 1048.
11. Added Menu - movies_actor_fishburne_eng.html - 2 Replacement(s), Line #(s) - 18, 1044.
12. Added Menu - movies_actor_fishburne_rus.html - 2 Replacement(s), Line #(s) - 20, 1049.
13. Added Menu - movies_actor_gostjuhin_eng.html - 2 Replacement(s), Line #(s) - 18, 1039.
14. Added Menu - movies_actor_gostjuhin_rus.html - 2 Replacement(s), Line #(s) - 19, 1048.
15. Added Menu - movies_actor_hauer_eng.html - 2 Replacement(s), Line #(s) - 18, 1041.
16. Added Menu - movies_actor_hauer_rus.html - 2 Replacement(s), Line #(s) - 20, 1049.
17. Added Menu - movies_actor_jovovich_eng.html - 2 Replacement(s), Line #(s) - 18, 1042.
18. Added Menu - movies_actor_jovovich_rus.html - 2 Replacement(s), Line #(s) - 18, 1046.
19. Added Menu - movies_actor_metelkina_eng.html - 2 Replacement(s), Line #(s) - 17, 1042.
20. Added Menu - movies_actor_metelkina_rus.html - 2 Replacement(s), Line #(s) - 19, 1045.
21. Added Menu - movies_actor_mironov_eng.html - 2 Replacement(s), Line #(s) - 23, 1049.
22. Added Menu - movies_actor_mironov_rus.html - 2 Replacement(s), Line #(s) - 25, 1052.
23. Added Menu - movies_actor_newman_eng.html - 2 Replacement(s), Line #(s) - 19, 1044.
24. Added Menu - movies_actor_newman_rus.html - 2 Replacement(s), Line #(s) - 19, 1044.
25. Added Menu - movies_actor_schwarzenegger_eng.html - 2 Replacement(s), Line #(s) - 20, 1043.
26. Added Menu - movies_actor_schwarzenegger_rus.html - 2 Replacement(s), Line #(s) - 21, 1045.
27. Added Menu - movies_actor_stallone_eng.html - 2 Replacement(s), Line #(s) - 18, 1043.
28. Added Menu - movies_actor_stallone_rus.html - 2 Replacement(s), Line #(s) - 19, 1047.
29. Added Menu - movies_actor_statham_eng.html - 2 Replacement(s), Line #(s) - 20, 1049.
30. Added Menu - movies_actor_statham_rus.html - 2 Replacement(s), Line #(s) - 20, 1050.
31. Added Menu - movies_actor_terentjev_boldyreva_eng.html - 2 Replacement(s), Line #(s) - 21, 1049.
32. Added Menu - movies_actor_terentjev_boldyreva_rus.html - 2 Replacement(s), Line #(s) - 19, 1051.
33. Added Menu - movies_actor_willis_eng.html - 2 Replacement(s), Line #(s) - 20, 1041.
34. Added Menu - movies_actor_willis_rus.html - 2 Replacement(s), Line #(s) - 19, 1052.
35. Added Menu - movies_actor_zhigunov_eng.html - 2 Replacement(s), Line #(s) - 20, 1050.
36. Added Menu - movies_actor_zhigunov_rus.html - 2 Replacement(s), Line #(s) - 25, 1055.
37. Added Menu - movies_animation_eng.html - 2 Replacement(s), Line #(s) - 24, 746.
38. Added Menu - movies_animation_for_adults_eng.html - 2 Replacement(s), Line #(s) - 25, 762.
39. Added Menu - movies_animation_for_adults_rus.html - 2 Replacement(s), Line #(s) - 27, 747.
40. Added Menu - movies_animation_rus.html - 2 Replacement(s), Line #(s) - 26, 745.
41. Added Menu - movies_genre_action_horror_eng.html - 2 Replacement(s), Line #(s) - 22, 910.
42. Added Menu - movies_genre_action_horror_rus.html - 2 Replacement(s), Line #(s) - 27, 930.
43. Added Menu - movies_genre_anime_eng.html - 2 Replacement(s), Line #(s) - 19, 911.
44. Added Menu - movies_genre_anime_rus.html - 2 Replacement(s), Line #(s) - 19, 923.
45. Added Menu - movies_genre_body_horror_eng.html - 2 Replacement(s), Line #(s) - 21, 908.
46. Added Menu - movies_genre_body_horror_rus.html - 2 Replacement(s), Line #(s) - 19, 919.
47. Added Menu - movies_genre_dystopia_eng.html - 2 Replacement(s), Line #(s) - 18, 907.
48. Added Menu - movies_genre_dystopia_rus.html - 2 Replacement(s), Line #(s) - 19, 923.
49. Added Menu - movies_genre_musical_eng.html - 2 Replacement(s), Line #(s) - 20, 909.
50. Added Menu - movies_genre_musical_rus.html - 2 Replacement(s), Line #(s) - 19, 916.
51. Added Menu - movies_genre_pilot_eng.html - 2 Replacement(s), Line #(s) - 21, 911.
52. Added Menu - movies_genre_pilot_rus.html - 2 Replacement(s), Line #(s) - 20, 917.
53. Added Menu - movies_genre_post_apocalyptic_eng.html - 2 Replacement(s), Line #(s) - 20, 914.
54. Added Menu - movies_genre_post_apocalyptic_rus.html - 2 Replacement(s), Line #(s) - 18, 919.
55. Added Menu - movies_genre_series_eng.html - 2 Replacement(s), Line #(s) - 18, 906.
56. Added Menu - movies_genre_series_rus.html - 2 Replacement(s), Line #(s) - 19, 920.
57. Added Menu - movies_genre_short_eng.html - 2 Replacement(s), Line #(s) - 21, 916.
58. Added Menu - movies_genre_short_rus.html - 2 Replacement(s), Line #(s) - 21, 916.
59. Added Menu - movies_genre_sitcom_eng.html - 2 Replacement(s), Line #(s) - 19, 913.
60. Added Menu - movies_genre_sitcom_rus.html - 2 Replacement(s), Line #(s) - 19, 914.
61. Added Menu - movies_genre_space_opera_eng.html - 2 Replacement(s), Line #(s) - 19, 910.
62. Added Menu - movies_genre_space_opera_rus.html - 2 Replacement(s), Line #(s) - 18, 918.
63. Added Menu - movies_not_satanic_eng.html - 2 Replacement(s), Line #(s) - 21, 704.
64. Added Menu - movies_not_satanic_rus.html - 2 Replacement(s), Line #(s) - 20, 702.
65. Added Menu - movies_superhero_dc_eng.html - 2 Replacement(s), Line #(s) - 20, 755.
66. Added Menu - movies_superhero_dc_rus.html - 2 Replacement(s), Line #(s) - 20, 751.
67. Added Menu - movies_superhero_marvel_eng.html - 2 Replacement(s), Line #(s) - 20, 759.
68. Added Menu - movies_superhero_marvel_rus.html - 2 Replacement(s), Line #(s) - 21, 760.
69. Added Menu - movies_superhero_other_eng.html - 2 Replacement(s), Line #(s) - 19, 755.
70. Added Menu - movies_superhero_other_rus.html - 2 Replacement(s), Line #(s) - 18, 752.

--------------13th of July, 2018, 10:45:54 UTC --------------
1. Added Menu - games_action_adventure_eng.html - 2 Replacement(s), Line #(s) - 23, 756.
2. Added Menu - games_action_adventure_rus.html - 2 Replacement(s), Line #(s) - 22, 742.
3. Added Menu - games_not_video_eng.html - 2 Replacement(s), Line #(s) - 23, 751.
4. Added Menu - games_not_video_rus.html - 2 Replacement(s), Line #(s) - 18, 738.
5. Added Menu - games_puzzle_eng.html - 2 Replacement(s), Line #(s) - 24, 753.
6. Added Menu - games_puzzle_rus.html - 2 Replacement(s), Line #(s) - 20, 742.
7. Added Menu - games_racing_eng.html - 2 Replacement(s), Line #(s) - 23, 746.
8. Added Menu - games_racing_rus.html - 2 Replacement(s), Line #(s) - 22, 743.
9. Added Menu - games_rpg_action_eng.html - 2 Replacement(s), Line #(s) - 22, 823.
10. Added Menu - games_rpg_action_rus.html - 2 Replacement(s), Line #(s) - 23, 826.
11. Added Menu - games_rpg_breakout_eng.html - 2 Replacement(s), Line #(s) - 22, 820.
12. Added Menu - games_rpg_breakout_rus.html - 2 Replacement(s), Line #(s) - 21, 815.
13. Added Menu - games_rpg_eng.html - 2 Replacement(s), Line #(s) - 22, 822.
14. Added Menu - games_rpg_mmorpg_eng.html - 2 Replacement(s), Line #(s) - 23, 820.
15. Added Menu - games_rpg_mmorpg_rus.html - 2 Replacement(s), Line #(s) - 23, 817.
16. Added Menu - games_rpg_rus.html - 2 Replacement(s), Line #(s) - 21, 814.
17. Added Menu - games_simulation_business_eng.html - 2 Replacement(s), Line #(s) - 23, 783.
18. Added Menu - games_simulation_business_rus.html - 2 Replacement(s), Line #(s) - 19, 788.
19. Added Menu - games_simulation_eng.html - 2 Replacement(s), Line #(s) - 23, 792.
20. Added Menu - games_simulation_rus.html - 2 Replacement(s), Line #(s) - 23, 793.
21. Added Menu - games_strategy_real_time_eng.html - 2 Replacement(s), Line #(s) - 23, 798.
22. Added Menu - games_strategy_real_time_rus.html - 2 Replacement(s), Line #(s) - 22, 794.
23. Added Menu - games_strategy_tower_defense_eng.html - 2 Replacement(s), Line #(s) - 23, 804.
24. Added Menu - games_strategy_tower_defense_rus.html - 2 Replacement(s), Line #(s) - 21, 787.
25. Added Menu - games_strategy_turn_based_eng.html - 2 Replacement(s), Line #(s) - 23, 800.
26. Added Menu - games_strategy_turn_based_rus.html - 2 Replacement(s), Line #(s) - 23, 796.

--------------08th of August, 2018, 04:02:57 UTC --------------
1. Added Menu - movies_actor_banionis_bondarchuk_eng.html - 2 Replacement(s), Line #(s) - 19, 1066.
2. Added Menu - movies_actor_cage_eng.html - 2 Replacement(s), Line #(s) - 19, 1067.
3. Added Menu - movies_actor_cruise_eng.html - 2 Replacement(s), Line #(s) - 18, 1063.
4. Added Menu - movies_actor_diesel_eng.html - 2 Replacement(s), Line #(s) - 18, 1062.
5. Added Menu - movies_actor_douglas_eng.html - 2 Replacement(s), Line #(s) - 18, 1065.
6. Added Menu - movies_actor_fishburne_eng.html - 2 Replacement(s), Line #(s) - 18, 1064.
7. Added Menu - movies_actor_gostjuhin_eng.html - 2 Replacement(s), Line #(s) - 18, 1059.
8. Added Menu - movies_actor_hauer_eng.html - 2 Replacement(s), Line #(s) - 18, 1061.
9. Added Menu - movies_actor_jovovich_eng.html - 2 Replacement(s), Line #(s) - 18, 1062.
10. Added Menu - movies_actor_metelkina_eng.html - 2 Replacement(s), Line #(s) - 17, 1062.
11. Added Menu - movies_actor_mironov_eng.html - 2 Replacement(s), Line #(s) - 23, 1069.
12. Added Menu - movies_actor_newman_eng.html - 2 Replacement(s), Line #(s) - 19, 1064.
13. Added Menu - movies_actor_schwarzenegger_eng.html - 2 Replacement(s), Line #(s) - 20, 1063.
14. Added Menu - movies_actor_stallone_eng.html - 2 Replacement(s), Line #(s) - 18, 1063.
15. Added Menu - movies_actor_statham_eng.html - 2 Replacement(s), Line #(s) - 20, 1069.
16. Added Menu - movies_actor_terentjev_boldyreva_eng.html - 2 Replacement(s), Line #(s) - 21, 1069.
17. Added Menu - movies_actor_willis_eng.html - 2 Replacement(s), Line #(s) - 20, 1061.
18. Added Menu - movies_actor_zhigunov_eng.html - 2 Replacement(s), Line #(s) - 20, 1070.

--------------08th of August, 2018, 04:03:17 UTC --------------
1. Added Menu - movies_actor_banionis_bondarchuk_rus.html - 2 Replacement(s), Line #(s) - 19, 1072.
2. Added Menu - movies_actor_cage_rus.html - 2 Replacement(s), Line #(s) - 19, 1070.
3. Added Menu - movies_actor_cruise_rus.html - 2 Replacement(s), Line #(s) - 21, 1073.
4. Added Menu - movies_actor_diesel_rus.html - 2 Replacement(s), Line #(s) - 19, 1067.
5. Added Menu - movies_actor_douglas_rus.html - 2 Replacement(s), Line #(s) - 20, 1067.
6. Added Menu - movies_actor_fishburne_rus.html - 2 Replacement(s), Line #(s) - 20, 1068.
7. Added Menu - movies_actor_gostjuhin_rus.html - 2 Replacement(s), Line #(s) - 19, 1067.
8. Added Menu - movies_actor_hauer_rus.html - 2 Replacement(s), Line #(s) - 20, 1068.
9. Added Menu - movies_actor_jovovich_rus.html - 2 Replacement(s), Line #(s) - 18, 1065.
10. Added Menu - movies_actor_metelkina_rus.html - 2 Replacement(s), Line #(s) - 19, 1064.
11. Added Menu - movies_actor_mironov_rus.html - 2 Replacement(s), Line #(s) - 25, 1071.
12. Added Menu - movies_actor_newman_rus.html - 2 Replacement(s), Line #(s) - 19, 1063.
13. Added Menu - movies_actor_schwarzenegger_rus.html - 2 Replacement(s), Line #(s) - 21, 1064.
14. Added Menu - movies_actor_stallone_rus.html - 2 Replacement(s), Line #(s) - 19, 1066.
15. Added Menu - movies_actor_statham_rus.html - 2 Replacement(s), Line #(s) - 20, 1069.
16. Added Menu - movies_actor_terentjev_boldyreva_rus.html - 2 Replacement(s), Line #(s) - 19, 1070.
17. Added Menu - movies_actor_willis_rus.html - 2 Replacement(s), Line #(s) - 19, 1071.
18. Added Menu - movies_actor_zhigunov_rus.html - 2 Replacement(s), Line #(s) - 25, 1074.

--------------23rd of November, 2018, 12:11:17 UTC --------------
1. Added Menu - about_me_rus.html - 2 Replacement(s), Line #(s) - 26, 618.
2. Added Menu - about_work_rus.html - 2 Replacement(s), Line #(s) - 20, 612.
3. Added Menu - amv_2012_rus.html - 2 Replacement(s), Line #(s) - 22, 667.
4. Added Menu - amv_creator_rus.html - 2 Replacement(s), Line #(s) - 23, 145.
5. Added Menu - amv_rus.html - 2 Replacement(s), Line #(s) - 22, 671.
6. Added Menu - anekdots_general_rus.html - 2 Replacement(s), Line #(s) - 21, 725.
7. Added Menu - anekdots_lieutenant_rzhevskiy_rus.html - 2 Replacement(s), Line #(s) - 20, 724.
8. Added Menu - anekdots_nuthouse_rus.html - 2 Replacement(s), Line #(s) - 21, 726.
9. Added Menu - anekdots_politics_rus.html - 2 Replacement(s), Line #(s) - 21, 724.
10. Added Menu - anekdots_students_rus.html - 2 Replacement(s), Line #(s) - 21, 727.
11. Added Menu - anekdots_vovochka_rus.html - 2 Replacement(s), Line #(s) - 20, 726.
12. Added Menu - books_anderson_rus.html - 2 Replacement(s), Line #(s) - 18, 837.
13. Added Menu - books_azimov_rus.html - 2 Replacement(s), Line #(s) - 18, 845.
14. Added Menu - books_bulychev_rus.html - 2 Replacement(s), Line #(s) - 21, 811.
15. Added Menu - books_carsac_rus.html - 2 Replacement(s), Line #(s) - 21, 723.
16. Added Menu - books_clarke_rus.html - 2 Replacement(s), Line #(s) - 18, 769.
17. Added Menu - books_fraj_rus.html - 2 Replacement(s), Line #(s) - 22, 786.
18. Added Menu - books_grin_rus.html - 2 Replacement(s), Line #(s) - 22, 812.
19. Added Menu - books_heinlein_rus.html - 2 Replacement(s), Line #(s) - 18, 850.
20. Added Menu - books_kazancev_rus.html - 2 Replacement(s), Line #(s) - 22, 813.
21. Added Menu - books_keyes_rus.html - 2 Replacement(s), Line #(s) - 20, 850.
22. Added Menu - books_livadnyj_rus.html - 2 Replacement(s), Line #(s) - 20, 793.
23. Added Menu - books_london_rus.html - 2 Replacement(s), Line #(s) - 18, 843.
24. Added Menu - books_lukjanenko_rus.html - 2 Replacement(s), Line #(s) - 22, 793.
25. Added Menu - books_pavlov_rus.html - 2 Replacement(s), Line #(s) - 23, 811.
26. Added Menu - books_sheckley_rus.html - 2 Replacement(s), Line #(s) - 18, 835.
27. Added Menu - books_simak_rus.html - 2 Replacement(s), Line #(s) - 20, 845.
28. Added Menu - books_tarmashev_rus.html - 2 Replacement(s), Line #(s) - 22, 789.
29. Added Menu - books_wells_rus.html - 2 Replacement(s), Line #(s) - 21, 772.
30. Added Menu - books_wyndham_rus.html - 2 Replacement(s), Line #(s) - 18, 772.
31. Added Menu - books_yefremov_rus.html - 2 Replacement(s), Line #(s) - 23, 815.
32. Added Menu - countries_ireland_rus.html - 2 Replacement(s), Line #(s) - 20, 649.
33. Added Menu - countries_ussr_afgan_syndrome_rus.html - 2 Replacement(s), Line #(s) - 21, 725.
34. Added Menu - countries_ussr_afgan_war_rus.html - 2 Replacement(s), Line #(s) - 20, 724.
35. Added Menu - countries_ussr_communism_rus.html - 2 Replacement(s), Line #(s) - 20, 724.
36. Added Menu - countries_ussr_enemies_rus.html - 2 Replacement(s), Line #(s) - 19, 718.
37. Added Menu - fotos_images_about_ceccoli_rus.html - 2 Replacement(s), Line #(s) - 28, 819.
38. Added Menu - fotos_images_about_kukula_rus.html - 2 Replacement(s), Line #(s) - 27, 902.
39. Added Menu - fotos_images_about_mai_ja_rus.html - 2 Replacement(s), Line #(s) - 28, 857.
40. Added Menu - fotos_images_about_minjae_lee_rus.html - 2 Replacement(s), Line #(s) - 28, 1007.
41. Added Menu - fotos_images_about_stokes_rus.html - 2 Replacement(s), Line #(s) - 26, 920.
42. Added Menu - fotos_images_ceccoli_works_rus.html - 2 Replacement(s), Line #(s) - 28, 816.
43. Added Menu - fotos_images_kukula_haute_debutant_rus.html - 2 Replacement(s), Line #(s) - 26, 902.
44. Added Menu - fotos_images_kukula_pop_royale_rus.html - 2 Replacement(s), Line #(s) - 27, 904.
45. Added Menu - fotos_images_kukula_selected_paintings_rus.html - 2 Replacement(s), Line #(s) - 27, 906.
46. Added Menu - fotos_images_kukula_the_adventures_of_rasberry_finn_rus.html - 2 Replacement(s), Line #(s) - 27, 908.
47. Added Menu - fotos_images_kukula_the_huntington_epidemic_rus.html - 2 Replacement(s), Line #(s) - 27, 910.
48. Added Menu - fotos_images_mai_ja_digital_paintings_rus.html - 2 Replacement(s), Line #(s) - 29, 853.
49. Added Menu - fotos_images_mai_ja_traditional_paintings_rus.html - 2 Replacement(s), Line #(s) - 29, 855.
50. Added Menu - fotos_images_mai_ja_video_rus.html - 2 Replacement(s), Line #(s) - 28, 853.
51. Added Menu - fotos_images_minjae_lee_2007_rus.html - 2 Replacement(s), Line #(s) - 28, 1007.
52. Added Menu - fotos_images_minjae_lee_2008_rus.html - 2 Replacement(s), Line #(s) - 28, 1007.
53. Added Menu - fotos_images_minjae_lee_2009_rus.html - 2 Replacement(s), Line #(s) - 28, 1007.
54. Added Menu - fotos_images_minjae_lee_2010_rus.html - 2 Replacement(s), Line #(s) - 28, 1007.
55. Added Menu - fotos_images_minjae_lee_2011_rus.html - 2 Replacement(s), Line #(s) - 28, 1007.
56. Added Menu - fotos_images_minjae_lee_2012_rus.html - 2 Replacement(s), Line #(s) - 28, 1007.
57. Added Menu - fotos_images_minjae_lee_2013_rus.html - 2 Replacement(s), Line #(s) - 28, 1007.
58. Added Menu - fotos_images_minjae_lee_2014_rus.html - 2 Replacement(s), Line #(s) - 28, 1007.
59. Added Menu - fotos_images_minjae_lee_2015_rus.html - 2 Replacement(s), Line #(s) - 28, 1007.
60. Added Menu - fotos_images_minjae_lee_2016_rus.html - 2 Replacement(s), Line #(s) - 28, 1007.
61. Added Menu - fotos_images_minjae_lee_2017_rus.html - 2 Replacement(s), Line #(s) - 28, 1007.
62. Added Menu - fotos_images_stokes_age_of_dragons_rus.html - 2 Replacement(s), Line #(s) - 27, 922.
63. Added Menu - fotos_images_stokes_dragons_rus.html - 2 Replacement(s), Line #(s) - 27, 926.
64. Added Menu - fotos_images_stokes_fae_rus.html - 2 Replacement(s), Line #(s) - 26, 916.
65. Added Menu - fotos_images_stokes_gothic_rus.html - 2 Replacement(s), Line #(s) - 27, 925.
66. Added Menu - fotos_images_stokes_steampunk_rus.html - 2 Replacement(s), Line #(s) - 27, 918.
67. Added Menu - fotos_images_stokes_tribal_rus.html - 2 Replacement(s), Line #(s) - 26, 920.
68. Added Menu - fotos_me_rus.html - 2 Replacement(s), Line #(s) - 27, 842.
69. Added Menu - fotos_soviet_ads_rus.html - 2 Replacement(s), Line #(s) - 27, 779.
70. Added Menu - fotos_summer_2012_rus.html - 2 Replacement(s), Line #(s) - 28, 844.
71. Added Menu - fotos_zveri_2012_rus.html - 2 Replacement(s), Line #(s) - 27, 848.
72. Added Menu - games_action_adventure_rus.html - 2 Replacement(s), Line #(s) - 22, 760.
73. Added Menu - games_card_rus.html - 2 Replacement(s), Line #(s) - 20, 760.
74. Added Menu - games_not_video_rus.html - 2 Replacement(s), Line #(s) - 18, 756.
75. Added Menu - games_puzzle_rus.html - 2 Replacement(s), Line #(s) - 20, 760.
76. Added Menu - games_racing_rus.html - 2 Replacement(s), Line #(s) - 22, 761.
77. Added Menu - games_rpg_action_rus.html - 2 Replacement(s), Line #(s) - 23, 844.
78. Added Menu - games_rpg_breakout_rus.html - 2 Replacement(s), Line #(s) - 21, 833.
79. Added Menu - games_rpg_mmorpg_rus.html - 2 Replacement(s), Line #(s) - 23, 835.
80. Added Menu - games_rpg_rus.html - 2 Replacement(s), Line #(s) - 21, 832.
81. Added Menu - games_simulation_business_rus.html - 2 Replacement(s), Line #(s) - 19, 806.
82. Added Menu - games_simulation_rus.html - 2 Replacement(s), Line #(s) - 23, 811.
83. Added Menu - games_strategy_real_time_rus.html - 2 Replacement(s), Line #(s) - 22, 812.
84. Added Menu - games_strategy_tower_defense_rus.html - 2 Replacement(s), Line #(s) - 21, 805.
85. Added Menu - games_strategy_turn_based_rus.html - 2 Replacement(s), Line #(s) - 23, 814.
86. Added Menu - howto_download_file_rus.html - 2 Replacement(s), Line #(s) - 26, 711.
87. Added Menu - howto_launch_program_rus.html - 2 Replacement(s), Line #(s) - 26, 709.
88. Added Menu - howto_rus.html - 2 Replacement(s), Line #(s) - 26, 708.
89. Added Menu - html_editor_rus.html - 2 Replacement(s), Line #(s) - 23, 733.
90. Added Menu - index_rus.html - 2 Replacement(s), Line #(s) - 30, 1005.
91. Added Menu - judaism_religion_rus.html - 2 Replacement(s), Line #(s) - 21, 639.
92. Added Menu - judaism_simvoly_rus.html - 2 Replacement(s), Line #(s) - 19, 635.
93. Added Menu - links_rus.html - 2 Replacement(s), Line #(s) - 26, 630.
94. Added Menu - movies_actor_banionis_bondarchuk_rus.html - 2 Replacement(s), Line #(s) - 19, 1090.
95. Added Menu - movies_actor_cage_rus.html - 2 Replacement(s), Line #(s) - 19, 1088.
96. Added Menu - movies_actor_cruise_rus.html - 2 Replacement(s), Line #(s) - 21, 1091.
97. Added Menu - movies_actor_diesel_rus.html - 2 Replacement(s), Line #(s) - 19, 1085.
98. Added Menu - movies_actor_douglas_rus.html - 2 Replacement(s), Line #(s) - 20, 1085.
99. Added Menu - movies_actor_fishburne_rus.html - 2 Replacement(s), Line #(s) - 20, 1086.
100. Added Menu - movies_actor_gostjuhin_rus.html - 2 Replacement(s), Line #(s) - 19, 1085.
101. Added Menu - movies_actor_hauer_rus.html - 2 Replacement(s), Line #(s) - 20, 1086.
102. Added Menu - movies_actor_jovovich_rus.html - 2 Replacement(s), Line #(s) - 18, 1083.
103. Added Menu - movies_actor_metelkina_rus.html - 2 Replacement(s), Line #(s) - 19, 1082.
104. Added Menu - movies_actor_mironov_rus.html - 2 Replacement(s), Line #(s) - 25, 1089.
105. Added Menu - movies_actor_newman_rus.html - 2 Replacement(s), Line #(s) - 19, 1081.
106. Added Menu - movies_actor_pine_rus.html - 2 Replacement(s), Line #(s) - 19, 1081.
107. Added Menu - movies_actor_schwarzenegger_rus.html - 2 Replacement(s), Line #(s) - 21, 1082.
108. Added Menu - movies_actor_stallone_rus.html - 2 Replacement(s), Line #(s) - 19, 1084.
109. Added Menu - movies_actor_statham_rus.html - 2 Replacement(s), Line #(s) - 20, 1087.
110. Added Menu - movies_actor_terentjev_boldyreva_rus.html - 2 Replacement(s), Line #(s) - 19, 1088.
111. Added Menu - movies_actor_willis_rus.html - 2 Replacement(s), Line #(s) - 19, 1089.
112. Added Menu - movies_actor_zhigunov_rus.html - 2 Replacement(s), Line #(s) - 25, 1092.
113. Added Menu - movies_animation_for_adults_rus.html - 2 Replacement(s), Line #(s) - 27, 765.
114. Added Menu - movies_animation_rus.html - 2 Replacement(s), Line #(s) - 26, 763.
115. Added Menu - movies_genre_action_horror_rus.html - 2 Replacement(s), Line #(s) - 30, 990.
116. Added Menu - movies_genre_action_horror_score_rus.html - 2 Replacement(s), Line #(s) - 30, 990.
117. Added Menu - movies_genre_anime_rus.html - 2 Replacement(s), Line #(s) - 23, 986.
118. Added Menu - movies_genre_anime_score_rus.html - 2 Replacement(s), Line #(s) - 23, 986.
119. Added Menu - movies_genre_body_horror_rus.html - 2 Replacement(s), Line #(s) - 24, 983.
120. Added Menu - movies_genre_body_horror_score_rus.html - 2 Replacement(s), Line #(s) - 24, 983.
121. Added Menu - movies_genre_dystopia_rus.html - 2 Replacement(s), Line #(s) - 24, 987.
122. Added Menu - movies_genre_dystopia_score_rus.html - 2 Replacement(s), Line #(s) - 24, 987.
123. Added Menu - movies_genre_musical_rus.html - 2 Replacement(s), Line #(s) - 24, 980.
124. Added Menu - movies_genre_musical_score_rus.html - 2 Replacement(s), Line #(s) - 24, 980.
125. Added Menu - movies_genre_pilot_rus.html - 2 Replacement(s), Line #(s) - 25, 982.
126. Added Menu - movies_genre_pilot_score_rus.html - 2 Replacement(s), Line #(s) - 25, 982.
127. Added Menu - movies_genre_post_apocalyptic_rus.html - 2 Replacement(s), Line #(s) - 23, 977.
128. Added Menu - movies_genre_post_apocalyptic_score_rus.html - 2 Replacement(s), Line #(s) - 23, 977.
129. Added Menu - movies_genre_series_rus.html - 2 Replacement(s), Line #(s) - 28, 991.
130. Added Menu - movies_genre_series_score_rus.html - 2 Replacement(s), Line #(s) - 28, 991.
131. Added Menu - movies_genre_short_rus.html - 2 Replacement(s), Line #(s) - 25, 981.
132. Added Menu - movies_genre_short_score_rus.html - 2 Replacement(s), Line #(s) - 25, 981.
133. Added Menu - movies_genre_sitcom_rus.html - 2 Replacement(s), Line #(s) - 24, 978.
134. Added Menu - movies_genre_sitcom_score_rus.html - 2 Replacement(s), Line #(s) - 24, 978.
135. Added Menu - movies_genre_space_opera_rus.html - 2 Replacement(s), Line #(s) - 22, 980.
136. Added Menu - movies_genre_space_opera_score_rus.html - 2 Replacement(s), Line #(s) - 22, 980.
137. Added Menu - movies_mockbuster_rus.html - 2 Replacement(s), Line #(s) - 20, 720.
138. Added Menu - movies_not_satanic_rus.html - 2 Replacement(s), Line #(s) - 20, 720.
139. Added Menu - movies_superhero_dc_rus.html - 2 Replacement(s), Line #(s) - 20, 769.
140. Added Menu - movies_superhero_marvel_rus.html - 2 Replacement(s), Line #(s) - 21, 778.
141. Added Menu - movies_superhero_other_rus.html - 2 Replacement(s), Line #(s) - 18, 770.
142. Added Menu - music_chanson_rus.html - 2 Replacement(s), Line #(s) - 27, 918.
143. Added Menu - music_classical_rus.html - 2 Replacement(s), Line #(s) - 24, 923.
144. Added Menu - music_corr_rus.html - 2 Replacement(s), Line #(s) - 25, 917.
145. Added Menu - music_country_rus.html - 2 Replacement(s), Line #(s) - 21, 922.
146. Added Menu - music_disco_rus.html - 2 Replacement(s), Line #(s) - 25, 924.
147. Added Menu - music_electronic_body_rus.html - 2 Replacement(s), Line #(s) - 30, 966.
148. Added Menu - music_electronic_dance_rus.html - 2 Replacement(s), Line #(s) - 31, 969.
149. Added Menu - music_electronic_rock_rus.html - 2 Replacement(s), Line #(s) - 22, 960.
150. Added Menu - music_industrial_electro_rus.html - 2 Replacement(s), Line #(s) - 28, 966.
151. Added Menu - music_industrial_metal_rus.html - 2 Replacement(s), Line #(s) - 25, 966.
152. Added Menu - music_industrial_rock_rus.html - 2 Replacement(s), Line #(s) - 27, 969.
153. Added Menu - music_metal_alternative_rus.html - 2 Replacement(s), Line #(s) - 21, 1008.
154. Added Menu - music_metal_black_rus.html - 2 Replacement(s), Line #(s) - 19, 1007.
155. Added Menu - music_metal_death_rus.html - 2 Replacement(s), Line #(s) - 22, 1012.
156. Added Menu - music_metal_gothic_rus.html - 2 Replacement(s), Line #(s) - 28, 1022.
157. Added Menu - music_metal_power_rus.html - 2 Replacement(s), Line #(s) - 21, 1011.
158. Added Menu - music_metal_symphonic_rus.html - 2 Replacement(s), Line #(s) - 27, 1021.
159. Added Menu - music_national_irish_rus.html - 2 Replacement(s), Line #(s) - 27, 989.
160. Added Menu - music_national_soviet_rus.html - 2 Replacement(s), Line #(s) - 26, 988.
161. Added Menu - music_national_uk_rus.html - 2 Replacement(s), Line #(s) - 22, 987.
162. Added Menu - music_national_usa_rus.html - 2 Replacement(s), Line #(s) - 26, 988.
163. Added Menu - music_pop_rus.html - 2 Replacement(s), Line #(s) - 25, 924.
164. Added Menu - music_psychedelic_rock_rus.html - 2 Replacement(s), Line #(s) - 21, 943.
165. Added Menu - music_psychedelic_trance_rus.html - 2 Replacement(s), Line #(s) - 29, 947.
166. Added Menu - music_punk_pop_rus.html - 2 Replacement(s), Line #(s) - 24, 973.
167. Added Menu - music_punk_rock_rus.html - 2 Replacement(s), Line #(s) - 26, 973.
168. Added Menu - music_punk_ska_rus.html - 2 Replacement(s), Line #(s) - 21, 966.
169. Added Menu - music_rap_rus.html - 2 Replacement(s), Line #(s) - 25, 922.
170. Added Menu - music_reggae_rus.html - 2 Replacement(s), Line #(s) - 26, 924.
171. Added Menu - music_rock_rus.html - 2 Replacement(s), Line #(s) - 25, 923.
172. Added Menu - music_satanic_rus.html - 2 Replacement(s), Line #(s) - 25, 923.
173. Added Menu - news_bbc_rus.html - 2 Replacement(s), Line #(s) - 29, 854.
174. Added Menu - news_rus.html - 2 Replacement(s), Line #(s) - 29, 947.
175. Added Menu - news_space_program_rus.html - 2 Replacement(s), Line #(s) - 23, 671.
176. Added Menu - personalities_ancient_rome_rus.html - 2 Replacement(s), Line #(s) - 20, 663.
177. Added Menu - personalities_middle_ages_rus.html - 2 Replacement(s), Line #(s) - 19, 663.
178. Added Menu - personalities_ussr_ideology_rus.html - 2 Replacement(s), Line #(s) - 20, 707.
179. Added Menu - personalities_ussr_leaders_rus.html - 2 Replacement(s), Line #(s) - 20, 703.
180. Added Menu - phd_rus.html - 2 Replacement(s), Line #(s) - 26, 625.
181. Added Menu - psychology_movies_rus.html - 2 Replacement(s), Line #(s) - 22, 664.
182. Added Menu - psychology_pseudo_rus.html - 2 Replacement(s), Line #(s) - 27, 670.
183. Added Menu - psychology_true_rus.html - 2 Replacement(s), Line #(s) - 22, 663.
184. Added Menu - radio_rus.html - 2 Replacement(s), Line #(s) - 23, 633.
185. Added Menu - satanism_atheistic_rus.html - 2 Replacement(s), Line #(s) - 23, 710.
186. Added Menu - satanism_simvoly_rus.html - 2 Replacement(s), Line #(s) - 22, 712.
187. Added Menu - satanism_theistic_rus.html - 2 Replacement(s), Line #(s) - 25, 716.
188. Added Menu - satanism_true_rus.html - 2 Replacement(s), Line #(s) - 24, 621.
189. Added Menu - satanism_voluntarism_rus.html - 2 Replacement(s), Line #(s) - 28, 718.
190. Added Menu - satanism_wicca_rus.html - 2 Replacement(s), Line #(s) - 22, 608.
191. Added Menu - software_development_c++_rus.html - 2 Replacement(s), Line #(s) - 21, 926.
192. Added Menu - software_development_coreldraw_rus.html - 2 Replacement(s), Line #(s) - 21, 833.
193. Added Menu - software_development_eclipse_rus.html - 2 Replacement(s), Line #(s) - 20, 803.
194. Added Menu - software_development_fortran_rus.html - 2 Replacement(s), Line #(s) - 22, 927.
195. Added Menu - software_development_gimp_rus.html - 2 Replacement(s), Line #(s) - 21, 843.
196. Added Menu - software_development_goldvawe_rus.html - 2 Replacement(s), Line #(s) - 21, 825.
197. Added Menu - software_development_html_rus.html - 2 Replacement(s), Line #(s) - 21, 924.
198. Added Menu - software_development_it_movies_rus.html - 2 Replacement(s), Line #(s) - 27, 774.
199. Added Menu - software_development_it_music_rus.html - 2 Replacement(s), Line #(s) - 27, 774.
200. Added Menu - software_development_javascript_rus.html - 2 Replacement(s), Line #(s) - 21, 926.
201. Added Menu - software_development_laravel_rus.html - 2 Replacement(s), Line #(s) - 21, 926.
202. Added Menu - software_development_latex_rus.html - 2 Replacement(s), Line #(s) - 21, 826.
203. Added Menu - software_development_mathcad_rus.html - 2 Replacement(s), Line #(s) - 22, 808.
204. Added Menu - software_development_matlab_rus.html - 2 Replacement(s), Line #(s) - 22, 811.
205. Added Menu - software_development_microsoft_office_rus.html - 2 Replacement(s), Line #(s) - 22, 823.
206. Added Menu - software_development_movie_maker_online_rus.html - 2 Replacement(s), Line #(s) - 21, 821.
207. Added Menu - software_development_netbeans_rus.html - 2 Replacement(s), Line #(s) - 21, 807.
208. Added Menu - software_development_notepad++_rus.html - 2 Replacement(s), Line #(s) - 21, 823.
209. Added Menu - software_development_paint_rus.html - 2 Replacement(s), Line #(s) - 21, 835.
210. Added Menu - software_development_photoshop_rus.html - 2 Replacement(s), Line #(s) - 21, 838.
211. Added Menu - software_development_php_rus.html - 2 Replacement(s), Line #(s) - 21, 928.
212. Added Menu - software_development_python_rus.html - 2 Replacement(s), Line #(s) - 21, 927.
213. Added Menu - software_development_ruby_on_rails_rus.html - 2 Replacement(s), Line #(s) - 21, 927.
214. Added Menu - software_development_visual_basic_rus.html - 2 Replacement(s), Line #(s) - 21, 923.
215. Added Menu - software_development_windows_movie_maker_rus.html - 2 Replacement(s), Line #(s) - 21, 822.
216. Added Menu - stuff_9_may_rus.html - 2 Replacement(s), Line #(s) - 25, 917.
217. Added Menu - stuff_chupacabra_rus.html - 2 Replacement(s), Line #(s) - 26, 746.
218. Added Menu - stuff_count_dracula_rus.html - 2 Replacement(s), Line #(s) - 24, 917.
219. Added Menu - stuff_educational_rus.html - 2 Replacement(s), Line #(s) - 28, 748.
220. Added Menu - stuff_hyperspace_rus.html - 2 Replacement(s), Line #(s) - 24, 748.
221. Added Menu - stuff_images_general_rus.html - 2 Replacement(s), Line #(s) - 25, 747.
222. Added Menu - stuff_judaism_rus.html - 2 Replacement(s), Line #(s) - 26, 920.
223. Added Menu - stuff_latin_rus.html - 2 Replacement(s), Line #(s) - 26, 919.
224. Added Menu - stuff_phd_rus.html - 2 Replacement(s), Line #(s) - 28, 925.
225. Added Menu - stuff_rus.html - 2 Replacement(s), Line #(s) - 24, 917.
226. Added Menu - stuff_russian_rus.html - 2 Replacement(s), Line #(s) - 25, 922.
227. Added Menu - stuff_ussr_rus.html - 2 Replacement(s), Line #(s) - 25, 919.
228. Added Menu - stuff_warlock_rus.html - 2 Replacement(s), Line #(s) - 25, 745.
229. Added Menu - stuff_yeralash_rus.html - 2 Replacement(s), Line #(s) - 26, 922.
230. Added Menu - substances_for_relaxation_cacao_rus.html - 2 Replacement(s), Line #(s) - 22, 755.
231. Added Menu - substances_for_relaxation_cannabis_rus.html - 2 Replacement(s), Line #(s) - 21, 759.
232. Added Menu - substances_for_relaxation_cigarettes_rus.html - 2 Replacement(s), Line #(s) - 22, 758.
233. Added Menu - substances_for_relaxation_coffee_rus.html - 2 Replacement(s), Line #(s) - 21, 753.
234. Added Menu - substances_for_relaxation_energy_drinks_rus.html - 2 Replacement(s), Line #(s) - 21, 753.
235. Added Menu - substances_for_relaxation_psilocybin_mushrooms_rus.html - 2 Replacement(s), Line #(s) - 21, 752.
236. Added Menu - substances_for_relaxation_tea_rus.html - 2 Replacement(s), Line #(s) - 21, 754.
237. Added Menu - substances_for_relaxation_tobacco_rus.html - 2 Replacement(s), Line #(s) - 21, 753.
238. Added Menu - totalitarianism_rus.html - 2 Replacement(s), Line #(s) - 21, 607.

--------------23rd of November, 2018, 12:12:40 UTC --------------
1. Added Menu - about_me_eng.html - 2 Replacement(s), Line #(s) - 24, 624.
2. Added Menu - about_work_eng.html - 2 Replacement(s), Line #(s) - 19, 617.
3. Added Menu - amv_2012_eng.html - 2 Replacement(s), Line #(s) - 19, 662.
4. Added Menu - amv_creator_eng.html - 2 Replacement(s), Line #(s) - 21, 137.
5. Added Menu - amv_eng.html - 2 Replacement(s), Line #(s) - 19, 658.
6. Added Menu - anekdots_general_eng.html - 2 Replacement(s), Line #(s) - 18, 719.
7. Added Menu - anekdots_lieutenant_rzhevskiy_eng.html - 2 Replacement(s), Line #(s) - 18, 721.
8. Added Menu - anekdots_nuthouse_eng.html - 2 Replacement(s), Line #(s) - 18, 724.
9. Added Menu - anekdots_politics_eng.html - 2 Replacement(s), Line #(s) - 18, 723.
10. Added Menu - anekdots_students_eng.html - 2 Replacement(s), Line #(s) - 18, 723.
11. Added Menu - anekdots_vovochka_eng.html - 2 Replacement(s), Line #(s) - 18, 720.
12. Added Menu - books_anderson_eng.html - 2 Replacement(s), Line #(s) - 18, 852.
13. Added Menu - books_azimov_eng.html - 2 Replacement(s), Line #(s) - 19, 847.
14. Added Menu - books_bulychev_eng.html - 2 Replacement(s), Line #(s) - 19, 800.
15. Added Menu - books_carsac_eng.html - 2 Replacement(s), Line #(s) - 19, 721.
16. Added Menu - books_clarke_eng.html - 2 Replacement(s), Line #(s) - 17, 773.
17. Added Menu - books_fraj_eng.html - 2 Replacement(s), Line #(s) - 21, 788.
18. Added Menu - books_grin_eng.html - 2 Replacement(s), Line #(s) - 18, 799.
19. Added Menu - books_heinlein_eng.html - 2 Replacement(s), Line #(s) - 18, 850.
20. Added Menu - books_kazancev_eng.html - 2 Replacement(s), Line #(s) - 18, 804.
21. Added Menu - books_keyes_eng.html - 2 Replacement(s), Line #(s) - 18, 850.
22. Added Menu - books_livadnyj_eng.html - 2 Replacement(s), Line #(s) - 19, 783.
23. Added Menu - books_london_eng.html - 2 Replacement(s), Line #(s) - 18, 846.
24. Added Menu - books_lukjanenko_eng.html - 2 Replacement(s), Line #(s) - 19, 781.
25. Added Menu - books_pavlov_eng.html - 2 Replacement(s), Line #(s) - 18, 805.
26. Added Menu - books_sheckley_eng.html - 2 Replacement(s), Line #(s) - 18, 845.
27. Added Menu - books_simak_eng.html - 2 Replacement(s), Line #(s) - 18, 849.
28. Added Menu - books_tarmashev_eng.html - 2 Replacement(s), Line #(s) - 19, 795.
29. Added Menu - books_wells_eng.html - 2 Replacement(s), Line #(s) - 17, 769.
30. Added Menu - books_wyndham_eng.html - 2 Replacement(s), Line #(s) - 17, 769.
31. Added Menu - books_yefremov_eng.html - 2 Replacement(s), Line #(s) - 19, 805.
32. Added Menu - countries_ireland_eng.html - 2 Replacement(s), Line #(s) - 22, 647.
33. Added Menu - countries_ussr_afgan_syndrome_eng.html - 2 Replacement(s), Line #(s) - 21, 724.
34. Added Menu - countries_ussr_afgan_war_eng.html - 2 Replacement(s), Line #(s) - 21, 722.
35. Added Menu - countries_ussr_communism_eng.html - 2 Replacement(s), Line #(s) - 22, 726.
36. Added Menu - countries_ussr_enemies_eng.html - 2 Replacement(s), Line #(s) - 21, 729.
37. Added Menu - fotos_images_about_ceccoli_eng.html - 2 Replacement(s), Line #(s) - 25, 810.
38. Added Menu - fotos_images_about_kukula_eng.html - 2 Replacement(s), Line #(s) - 24, 893.
39. Added Menu - fotos_images_about_mai_ja_eng.html - 2 Replacement(s), Line #(s) - 24, 845.
40. Added Menu - fotos_images_about_minjae_lee_eng.html - 2 Replacement(s), Line #(s) - 25, 999.
41. Added Menu - fotos_images_about_stokes_eng.html - 2 Replacement(s), Line #(s) - 24, 924.
42. Added Menu - fotos_images_ceccoli_works_eng.html - 2 Replacement(s), Line #(s) - 25, 809.
43. Added Menu - fotos_images_kukula_haute_debutant_eng.html - 2 Replacement(s), Line #(s) - 24, 899.
44. Added Menu - fotos_images_kukula_pop_royale_eng.html - 2 Replacement(s), Line #(s) - 24, 894.
45. Added Menu - fotos_images_kukula_selected_paintings_eng.html - 2 Replacement(s), Line #(s) - 24, 897.
46. Added Menu - fotos_images_kukula_the_adventures_of_rasberry_finn_eng.html - 2 Replacement(s), Line #(s) - 24, 894.
47. Added Menu - fotos_images_kukula_the_huntington_epidemic_eng.html - 2 Replacement(s), Line #(s) - 24, 896.
48. Added Menu - fotos_images_mai_ja_digital_paintings_eng.html - 2 Replacement(s), Line #(s) - 25, 847.
49. Added Menu - fotos_images_mai_ja_traditional_paintings_eng.html - 2 Replacement(s), Line #(s) - 25, 850.
50. Added Menu - fotos_images_mai_ja_video_eng.html - 2 Replacement(s), Line #(s) - 24, 847.
51. Added Menu - fotos_images_minjae_lee_2007_eng.html - 2 Replacement(s), Line #(s) - 25, 999.
52. Added Menu - fotos_images_minjae_lee_2008_eng.html - 2 Replacement(s), Line #(s) - 25, 999.
53. Added Menu - fotos_images_minjae_lee_2009_eng.html - 2 Replacement(s), Line #(s) - 25, 999.
54. Added Menu - fotos_images_minjae_lee_2010_eng.html - 2 Replacement(s), Line #(s) - 25, 999.
55. Added Menu - fotos_images_minjae_lee_2011_eng.html - 2 Replacement(s), Line #(s) - 25, 999.
56. Added Menu - fotos_images_minjae_lee_2012_eng.html - 2 Replacement(s), Line #(s) - 25, 999.
57. Added Menu - fotos_images_minjae_lee_2013_eng.html - 2 Replacement(s), Line #(s) - 25, 999.
58. Added Menu - fotos_images_minjae_lee_2014_eng.html - 2 Replacement(s), Line #(s) - 25, 999.
59. Added Menu - fotos_images_minjae_lee_2015_eng.html - 2 Replacement(s), Line #(s) - 25, 999.
60. Added Menu - fotos_images_minjae_lee_2016_eng.html - 2 Replacement(s), Line #(s) - 25, 999.
61. Added Menu - fotos_images_minjae_lee_2017_eng.html - 2 Replacement(s), Line #(s) - 25, 999.
62. Added Menu - fotos_images_stokes_age_of_dragons_eng.html - 2 Replacement(s), Line #(s) - 23, 916.
63. Added Menu - fotos_images_stokes_dragons_eng.html - 2 Replacement(s), Line #(s) - 24, 921.
64. Added Menu - fotos_images_stokes_fae_eng.html - 2 Replacement(s), Line #(s) - 24, 916.
65. Added Menu - fotos_images_stokes_gothic_eng.html - 2 Replacement(s), Line #(s) - 24, 920.
66. Added Menu - fotos_images_stokes_steampunk_eng.html - 2 Replacement(s), Line #(s) - 24, 922.
67. Added Menu - fotos_images_stokes_tribal_eng.html - 2 Replacement(s), Line #(s) - 24, 921.
68. Added Menu - fotos_me_eng.html - 2 Replacement(s), Line #(s) - 23, 834.
69. Added Menu - fotos_soviet_ads_eng.html - 2 Replacement(s), Line #(s) - 23, 775.
70. Added Menu - fotos_summer_2012_eng.html - 2 Replacement(s), Line #(s) - 24, 840.
71. Added Menu - fotos_zveri_2012_eng.html - 2 Replacement(s), Line #(s) - 24, 833.
72. Added Menu - games_action_adventure_eng.html - 2 Replacement(s), Line #(s) - 23, 774.
73. Added Menu - games_card_eng.html - 2 Replacement(s), Line #(s) - 24, 771.
74. Added Menu - games_not_video_eng.html - 2 Replacement(s), Line #(s) - 23, 769.
75. Added Menu - games_puzzle_eng.html - 2 Replacement(s), Line #(s) - 24, 771.
76. Added Menu - games_racing_eng.html - 2 Replacement(s), Line #(s) - 23, 764.
77. Added Menu - games_rpg_action_eng.html - 2 Replacement(s), Line #(s) - 22, 841.
78. Added Menu - games_rpg_breakout_eng.html - 2 Replacement(s), Line #(s) - 22, 838.
79. Added Menu - games_rpg_eng.html - 2 Replacement(s), Line #(s) - 22, 840.
80. Added Menu - games_rpg_mmorpg_eng.html - 2 Replacement(s), Line #(s) - 23, 838.
81. Added Menu - games_simulation_business_eng.html - 2 Replacement(s), Line #(s) - 23, 801.
82. Added Menu - games_simulation_eng.html - 2 Replacement(s), Line #(s) - 23, 810.
83. Added Menu - games_strategy_real_time_eng.html - 2 Replacement(s), Line #(s) - 23, 816.
84. Added Menu - games_strategy_tower_defense_eng.html - 2 Replacement(s), Line #(s) - 23, 822.
85. Added Menu - games_strategy_turn_based_eng.html - 2 Replacement(s), Line #(s) - 23, 818.
86. Added Menu - howto_download_file_eng.html - 2 Replacement(s), Line #(s) - 22, 699.
87. Added Menu - howto_eng.html - 2 Replacement(s), Line #(s) - 22, 702.
88. Added Menu - howto_launch_program_eng.html - 2 Replacement(s), Line #(s) - 22, 702.
89. Added Menu - html_editor_eng.html - 2 Replacement(s), Line #(s) - 21, 726.
90. Added Menu - index_eng.html - 2 Replacement(s), Line #(s) - 30, 1008.
91. Added Menu - judaism_religion_eng.html - 2 Replacement(s), Line #(s) - 19, 651.
92. Added Menu - judaism_simvoly_eng.html - 2 Replacement(s), Line #(s) - 21, 653.
93. Added Menu - links_eng.html - 2 Replacement(s), Line #(s) - 22, 624.
94. Added Menu - movies_actor_banionis_bondarchuk_eng.html - 2 Replacement(s), Line #(s) - 19, 1084.
95. Added Menu - movies_actor_cage_eng.html - 2 Replacement(s), Line #(s) - 19, 1085.
96. Added Menu - movies_actor_cruise_eng.html - 2 Replacement(s), Line #(s) - 18, 1081.
97. Added Menu - movies_actor_diesel_eng.html - 2 Replacement(s), Line #(s) - 18, 1080.
98. Added Menu - movies_actor_douglas_eng.html - 2 Replacement(s), Line #(s) - 18, 1083.
99. Added Menu - movies_actor_fishburne_eng.html - 2 Replacement(s), Line #(s) - 18, 1082.
100. Added Menu - movies_actor_gostjuhin_eng.html - 2 Replacement(s), Line #(s) - 18, 1077.
101. Added Menu - movies_actor_hauer_eng.html - 2 Replacement(s), Line #(s) - 18, 1079.
102. Added Menu - movies_actor_jovovich_eng.html - 2 Replacement(s), Line #(s) - 18, 1080.
103. Added Menu - movies_actor_metelkina_eng.html - 2 Replacement(s), Line #(s) - 17, 1080.
104. Added Menu - movies_actor_mironov_eng.html - 2 Replacement(s), Line #(s) - 23, 1087.
105. Added Menu - movies_actor_newman_eng.html - 2 Replacement(s), Line #(s) - 19, 1082.
106. Added Menu - movies_actor_pine_eng.html - 2 Replacement(s), Line #(s) - 19, 1082.
107. Added Menu - movies_actor_schwarzenegger_eng.html - 2 Replacement(s), Line #(s) - 20, 1081.
108. Added Menu - movies_actor_stallone_eng.html - 2 Replacement(s), Line #(s) - 18, 1081.
109. Added Menu - movies_actor_statham_eng.html - 2 Replacement(s), Line #(s) - 20, 1087.
110. Added Menu - movies_actor_terentjev_boldyreva_eng.html - 2 Replacement(s), Line #(s) - 21, 1087.
111. Added Menu - movies_actor_willis_eng.html - 2 Replacement(s), Line #(s) - 20, 1079.
112. Added Menu - movies_actor_zhigunov_eng.html - 2 Replacement(s), Line #(s) - 20, 1088.
113. Added Menu - movies_animation_eng.html - 2 Replacement(s), Line #(s) - 24, 764.
114. Added Menu - movies_animation_for_adults_eng.html - 2 Replacement(s), Line #(s) - 25, 761.
115. Added Menu - movies_genre_action_horror_eng.html - 2 Replacement(s), Line #(s) - 26, 973.
116. Added Menu - movies_genre_action_horror_score_eng.html - 2 Replacement(s), Line #(s) - 26, 973.
117. Added Menu - movies_genre_anime_eng.html - 2 Replacement(s), Line #(s) - 22, 975.
118. Added Menu - movies_genre_anime_score_eng.html - 2 Replacement(s), Line #(s) - 22, 975.
119. Added Menu - movies_genre_body_horror_eng.html - 2 Replacement(s), Line #(s) - 25, 972.
120. Added Menu - movies_genre_body_horror_score_eng.html - 2 Replacement(s), Line #(s) - 25, 972.
121. Added Menu - movies_genre_dystopia_eng.html - 2 Replacement(s), Line #(s) - 22, 973.
122. Added Menu - movies_genre_dystopia_score_eng.html - 2 Replacement(s), Line #(s) - 22, 973.
123. Added Menu - movies_genre_musical_eng.html - 2 Replacement(s), Line #(s) - 24, 970.
124. Added Menu - movies_genre_musical_score_eng.html - 2 Replacement(s), Line #(s) - 24, 970.
125. Added Menu - movies_genre_pilot_eng.html - 2 Replacement(s), Line #(s) - 26, 975.
126. Added Menu - movies_genre_pilot_score_eng.html - 2 Replacement(s), Line #(s) - 26, 975.
127. Added Menu - movies_genre_post_apocalyptic_eng.html - 2 Replacement(s), Line #(s) - 25, 977.
128. Added Menu - movies_genre_post_apocalyptic_score_eng.html - 2 Replacement(s), Line #(s) - 25, 977.
129. Added Menu - movies_genre_series_eng.html - 2 Replacement(s), Line #(s) - 29, 978.
130. Added Menu - movies_genre_series_score_eng.html - 2 Replacement(s), Line #(s) - 29, 978.
131. Added Menu - movies_genre_short_eng.html - 2 Replacement(s), Line #(s) - 25, 980.
132. Added Menu - movies_genre_short_score_eng.html - 2 Replacement(s), Line #(s) - 25, 980.
133. Added Menu - movies_genre_sitcom_eng.html - 2 Replacement(s), Line #(s) - 24, 976.
134. Added Menu - movies_genre_sitcom_score_eng.html - 2 Replacement(s), Line #(s) - 24, 976.
135. Added Menu - movies_genre_space_opera_eng.html - 2 Replacement(s), Line #(s) - 24, 974.
136. Added Menu - movies_genre_space_opera_score_eng.html - 2 Replacement(s), Line #(s) - 24, 974.
137. Added Menu - movies_mockbuster_eng.html - 2 Replacement(s), Line #(s) - 21, 722.
138. Added Menu - movies_not_satanic_eng.html - 2 Replacement(s), Line #(s) - 21, 722.
139. Added Menu - movies_superhero_dc_eng.html - 2 Replacement(s), Line #(s) - 20, 773.
140. Added Menu - movies_superhero_marvel_eng.html - 2 Replacement(s), Line #(s) - 20, 777.
141. Added Menu - movies_superhero_other_eng.html - 2 Replacement(s), Line #(s) - 19, 773.
142. Added Menu - music_chanson_eng.html - 2 Replacement(s), Line #(s) - 24, 906.
143. Added Menu - music_classical_eng.html - 2 Replacement(s), Line #(s) - 21, 905.
144. Added Menu - music_corr_eng.html - 2 Replacement(s), Line #(s) - 22, 901.
145. Added Menu - music_country_eng.html - 2 Replacement(s), Line #(s) - 25, 908.
146. Added Menu - music_disco_eng.html - 2 Replacement(s), Line #(s) - 23, 907.
147. Added Menu - music_electronic_body_eng.html - 2 Replacement(s), Line #(s) - 26, 967.
148. Added Menu - music_electronic_dance_eng.html - 2 Replacement(s), Line #(s) - 27, 969.
149. Added Menu - music_electronic_rock_eng.html - 2 Replacement(s), Line #(s) - 20, 961.
150. Added Menu - music_industrial_electro_eng.html - 2 Replacement(s), Line #(s) - 26, 966.
151. Added Menu - music_industrial_metal_eng.html - 2 Replacement(s), Line #(s) - 24, 963.
152. Added Menu - music_industrial_rock_eng.html - 2 Replacement(s), Line #(s) - 24, 965.
153. Added Menu - music_metal_alternative_eng.html - 2 Replacement(s), Line #(s) - 19, 1006.
154. Added Menu - music_metal_black_eng.html - 2 Replacement(s), Line #(s) - 19, 1009.
155. Added Menu - music_metal_death_eng.html - 2 Replacement(s), Line #(s) - 22, 1017.
156. Added Menu - music_metal_gothic_eng.html - 2 Replacement(s), Line #(s) - 26, 1020.
157. Added Menu - music_metal_power_eng.html - 2 Replacement(s), Line #(s) - 19, 1015.
158. Added Menu - music_metal_symphonic_eng.html - 2 Replacement(s), Line #(s) - 26, 1018.
159. Added Menu - music_national_irish_eng.html - 2 Replacement(s), Line #(s) - 24, 977.
160. Added Menu - music_national_soviet_eng.html - 2 Replacement(s), Line #(s) - 26, 982.
161. Added Menu - music_national_uk_eng.html - 2 Replacement(s), Line #(s) - 20, 976.
162. Added Menu - music_national_usa_eng.html - 2 Replacement(s), Line #(s) - 23, 976.
163. Added Menu - music_pop_eng.html - 2 Replacement(s), Line #(s) - 23, 898.
164. Added Menu - music_psychedelic_rock_eng.html - 2 Replacement(s), Line #(s) - 26, 945.
165. Added Menu - music_psychedelic_trance_eng.html - 2 Replacement(s), Line #(s) - 23, 944.
166. Added Menu - music_punk_pop_eng.html - 2 Replacement(s), Line #(s) - 22, 957.
167. Added Menu - music_punk_rock_eng.html - 2 Replacement(s), Line #(s) - 24, 960.
168. Added Menu - music_punk_ska_eng.html - 2 Replacement(s), Line #(s) - 24, 960.
169. Added Menu - music_rap_eng.html - 2 Replacement(s), Line #(s) - 23, 903.
170. Added Menu - music_reggae_eng.html - 2 Replacement(s), Line #(s) - 24, 907.
171. Added Menu - music_rock_eng.html - 2 Replacement(s), Line #(s) - 24, 910.
172. Added Menu - music_satanic_eng.html - 2 Replacement(s), Line #(s) - 24, 910.
173. Added Menu - news_bbc_eng.html - 2 Replacement(s), Line #(s) - 27, 851.
174. Added Menu - news_eng.html - 2 Replacement(s), Line #(s) - 27, 948.
175. Added Menu - news_space_program_eng.html - 2 Replacement(s), Line #(s) - 22, 669.
176. Added Menu - personalities_ancient_rome_eng.html - 2 Replacement(s), Line #(s) - 21, 673.
177. Added Menu - personalities_middle_ages_eng.html - 2 Replacement(s), Line #(s) - 21, 667.
178. Added Menu - personalities_ussr_ideology_eng.html - 2 Replacement(s), Line #(s) - 21, 709.
179. Added Menu - personalities_ussr_leaders_eng.html - 2 Replacement(s), Line #(s) - 22, 710.
180. Added Menu - phd_eng.html - 2 Replacement(s), Line #(s) - 20, 620.
181. Added Menu - psychology_movies_eng.html - 2 Replacement(s), Line #(s) - 22, 670.
182. Added Menu - psychology_pseudo_eng.html - 2 Replacement(s), Line #(s) - 28, 674.
183. Added Menu - psychology_true_eng.html - 2 Replacement(s), Line #(s) - 24, 671.
184. Added Menu - radio_eng.html - 2 Replacement(s), Line #(s) - 19, 628.
185. Added Menu - satanism_atheistic_eng.html - 2 Replacement(s), Line #(s) - 22, 709.
186. Added Menu - satanism_simvoly_eng.html - 2 Replacement(s), Line #(s) - 21, 719.
187. Added Menu - satanism_theistic_eng.html - 2 Replacement(s), Line #(s) - 22, 717.
188. Added Menu - satanism_true_eng.html - 2 Replacement(s), Line #(s) - 24, 628.
189. Added Menu - satanism_voluntarism_eng.html - 2 Replacement(s), Line #(s) - 29, 714.
190. Added Menu - satanism_wicca_eng.html - 2 Replacement(s), Line #(s) - 21, 609.
191. Added Menu - software_development_c++_eng.html - 2 Replacement(s), Line #(s) - 19, 933.
192. Added Menu - software_development_coreldraw_eng.html - 2 Replacement(s), Line #(s) - 19, 847.
193. Added Menu - software_development_eclipse_eng.html - 2 Replacement(s), Line #(s) - 20, 819.
194. Added Menu - software_development_fortran_eng.html - 2 Replacement(s), Line #(s) - 19, 930.
195. Added Menu - software_development_gimp_eng.html - 2 Replacement(s), Line #(s) - 19, 845.
196. Added Menu - software_development_goldvawe_eng.html - 2 Replacement(s), Line #(s) - 19, 833.
197. Added Menu - software_development_html_eng.html - 2 Replacement(s), Line #(s) - 20, 932.
198. Added Menu - software_development_it_movies_eng.html - 2 Replacement(s), Line #(s) - 26, 783.
199. Added Menu - software_development_it_music_eng.html - 2 Replacement(s), Line #(s) - 26, 783.
200. Added Menu - software_development_javascript_eng.html - 2 Replacement(s), Line #(s) - 19, 931.
201. Added Menu - software_development_laravel_eng.html - 2 Replacement(s), Line #(s) - 19, 933.
202. Added Menu - software_development_latex_eng.html - 2 Replacement(s), Line #(s) - 19, 837.
203. Added Menu - software_development_mathcad_eng.html - 2 Replacement(s), Line #(s) - 21, 811.
204. Added Menu - software_development_matlab_eng.html - 2 Replacement(s), Line #(s) - 20, 815.
205. Added Menu - software_development_microsoft_office_eng.html - 2 Replacement(s), Line #(s) - 19, 835.
206. Added Menu - software_development_movie_maker_online_eng.html - 2 Replacement(s), Line #(s) - 19, 838.
207. Added Menu - software_development_netbeans_eng.html - 2 Replacement(s), Line #(s) - 19, 814.
208. Added Menu - software_development_notepad++_eng.html - 2 Replacement(s), Line #(s) - 19, 837.
209. Added Menu - software_development_paint_eng.html - 2 Replacement(s), Line #(s) - 19, 845.
210. Added Menu - software_development_photoshop_eng.html - 2 Replacement(s), Line #(s) - 19, 845.
211. Added Menu - software_development_php_eng.html - 2 Replacement(s), Line #(s) - 19, 932.
212. Added Menu - software_development_python_eng.html - 2 Replacement(s), Line #(s) - 20, 933.
213. Added Menu - software_development_ruby_on_rails_eng.html - 2 Replacement(s), Line #(s) - 19, 932.
214. Added Menu - software_development_visual_basic_eng.html - 2 Replacement(s), Line #(s) - 19, 929.
215. Added Menu - software_development_windows_movie_maker_eng.html - 2 Replacement(s), Line #(s) - 19, 834.
216. Added Menu - stuff_9_may_eng.html - 2 Replacement(s), Line #(s) - 25, 921.
217. Added Menu - stuff_chupacabra_eng.html - 2 Replacement(s), Line #(s) - 22, 744.
218. Added Menu - stuff_count_dracula_eng.html - 2 Replacement(s), Line #(s) - 27, 922.
219. Added Menu - stuff_educational_eng.html - 2 Replacement(s), Line #(s) - 26, 750.
220. Added Menu - stuff_eng.html - 2 Replacement(s), Line #(s) - 27, 922.
221. Added Menu - stuff_hyperspace_eng.html - 2 Replacement(s), Line #(s) - 23, 748.
222. Added Menu - stuff_images_general_eng.html - 2 Replacement(s), Line #(s) - 25, 747.
223. Added Menu - stuff_judaism_eng.html - 2 Replacement(s), Line #(s) - 23, 918.
224. Added Menu - stuff_latin_eng.html - 2 Replacement(s), Line #(s) - 24, 920.
225. Added Menu - stuff_phd_eng.html - 2 Replacement(s), Line #(s) - 23, 913.
226. Added Menu - stuff_russian_eng.html - 2 Replacement(s), Line #(s) - 24, 919.
227. Added Menu - stuff_ussr_eng.html - 2 Replacement(s), Line #(s) - 24, 918.
228. Added Menu - stuff_warlock_eng.html - 2 Replacement(s), Line #(s) - 24, 744.
229. Added Menu - stuff_yeralash_eng.html - 2 Replacement(s), Line #(s) - 24, 922.
230. Added Menu - substances_for_relaxation_cacao_eng.html - 2 Replacement(s), Line #(s) - 17, 758.
231. Added Menu - substances_for_relaxation_cannabis_eng.html - 2 Replacement(s), Line #(s) - 18, 763.
232. Added Menu - substances_for_relaxation_cigarettes_eng.html - 2 Replacement(s), Line #(s) - 19, 762.
233. Added Menu - substances_for_relaxation_coffee_eng.html - 2 Replacement(s), Line #(s) - 18, 760.
234. Added Menu - substances_for_relaxation_energy_drinks_eng.html - 2 Replacement(s), Line #(s) - 18, 763.
235. Added Menu - substances_for_relaxation_psilocybin_mushrooms_eng.html - 2 Replacement(s), Line #(s) - 18, 761.
236. Added Menu - substances_for_relaxation_tea_eng.html - 2 Replacement(s), Line #(s) - 18, 761.
237. Added Menu - substances_for_relaxation_tobacco_eng.html - 2 Replacement(s), Line #(s) - 19, 761.
238. Added Menu - totalitarianism_eng.html - 2 Replacement(s), Line #(s) - 21, 609.
