Removed Menu - about_me_eng.html - 02nd of June, 2018, 06:49:06
Removed Menu - about_me_lat.html - 02nd of June, 2018, 06:49:06
Removed Menu - about_me_rus.html - 02nd of June, 2018, 06:49:06
Removed Menu - about_work_eng.html - 02nd of June, 2018, 06:49:06
Removed Menu - about_work_lat.html - 02nd of June, 2018, 06:49:06
Removed Menu - about_work_rus.html - 02nd of June, 2018, 06:49:07
Removed Menu - about_me_eng.html - 02nd of June, 2018, 07:45:09 UTC.
Removed Menu - about_me_lat.html - 02nd of June, 2018, 07:45:10 UTC.
Removed Menu - about_me_rus.html - 02nd of June, 2018, 07:45:10 UTC.
Removed Menu - about_work_eng.html - 02nd of June, 2018, 07:45:10 UTC.
Removed Menu - about_work_lat.html - 02nd of June, 2018, 07:45:10 UTC.
Removed Menu - about_work_rus.html - 02nd of June, 2018, 07:45:14 UTC.

--------------20th of June, 2018, 04:23:18 UTC --------------
0. Removed Menu - test.html - 2, Replacements, Line #(s) - 26, 600.

--------------24th of June, 2018, 10:35:49 UTC --------------
0. Removed Menu - software_development_c++_rus.html - 2, Replacement(s), Line #(s) - 21, 908.
1. Removed Menu - software_development_coreldraw_rus.html - 2, Replacement(s), Line #(s) - 21, 815.
2. Removed Menu - software_development_eclipse_rus.html - 2, Replacement(s), Line #(s) - 20, 785.
3. Removed Menu - software_development_fortran_rus.html - 2, Replacement(s), Line #(s) - 22, 909.
4. Removed Menu - software_development_gimp_rus.html - 2, Replacement(s), Line #(s) - 21, 825.
5. Removed Menu - software_development_goldvawe_rus.html - 2, Replacement(s), Line #(s) - 21, 807.
6. Removed Menu - software_development_html_rus.html - 2, Replacement(s), Line #(s) - 21, 906.
7. Removed Menu - software_development_it_music_rus.html - 2, Replacement(s), Line #(s) - 27, 756.
8. Removed Menu - software_development_javascript_rus.html - 2, Replacement(s), Line #(s) - 21, 908.
9. Removed Menu - software_development_laravel_rus.html - 2, Replacement(s), Line #(s) - 21, 908.
10. Removed Menu - software_development_latex_rus.html - 2, Replacement(s), Line #(s) - 21, 808.
11. Removed Menu - software_development_mathcad_rus.html - 2, Replacement(s), Line #(s) - 22, 790.
12. Removed Menu - software_development_matlab_rus.html - 2, Replacement(s), Line #(s) - 22, 793.
13. Removed Menu - software_development_microsoft_office_rus.html - 2, Replacement(s), Line #(s) - 22, 805.
14. Removed Menu - software_development_movie_maker_online_rus.html - 2, Replacement(s), Line #(s) - 21, 803.
15. Removed Menu - software_development_netbeans_rus.html - 2, Replacement(s), Line #(s) - 21, 789.
16. Removed Menu - software_development_notepad++_rus.html - 2, Replacement(s), Line #(s) - 21, 805.
17. Removed Menu - software_development_paint_rus.html - 2, Replacement(s), Line #(s) - 21, 817.
18. Removed Menu - software_development_photoshop_rus.html - 2, Replacement(s), Line #(s) - 21, 820.
19. Removed Menu - software_development_php_rus.html - 2, Replacement(s), Line #(s) - 21, 910.
20. Removed Menu - software_development_python_rus.html - 2, Replacement(s), Line #(s) - 21, 909.
21. Removed Menu - software_development_ruby_on_rails_rus.html - 2, Replacement(s), Line #(s) - 21, 909.
22. Removed Menu - software_development_visual_basic_rus.html - 2, Replacement(s), Line #(s) - 21, 905.
23. Removed Menu - software_development_windows_movie_maker_rus.html - 2, Replacement(s), Line #(s) - 21, 804.

--------------26th of June, 2018, 10:52:27 UTC --------------
1. Removed Menu - music_metal_alternative_eng.html - 2 Replacement(s), Line #(s) - 19, 988.
2. Removed Menu - music_metal_alternative_rus.html - 2 Replacement(s), Line #(s) - 21, 990.
3. Removed Menu - music_metal_black_eng.html - 2 Replacement(s), Line #(s) - 19, 991.
4. Removed Menu - music_metal_black_rus.html - 2 Replacement(s), Line #(s) - 19, 989.
5. Removed Menu - music_metal_death_eng.html - 2 Replacement(s), Line #(s) - 22, 999.
6. Removed Menu - music_metal_death_rus.html - 2 Replacement(s), Line #(s) - 22, 994.
7. Removed Menu - music_metal_doom_eng.html - 2 Replacement(s), Line #(s) - 22, 1017.
8. Removed Menu - music_metal_doom_rus.html - 2 Replacement(s), Line #(s) - 22, 1013.
9. Removed Menu - music_metal_gothic_eng.html - 2 Replacement(s), Line #(s) - 26, 1002.
10. Removed Menu - music_metal_gothic_rus.html - 2 Replacement(s), Line #(s) - 28, 1004.
11. Removed Menu - music_metal_power_eng.html - 2 Replacement(s), Line #(s) - 19, 997.
12. Removed Menu - music_metal_power_rus.html - 2 Replacement(s), Line #(s) - 21, 993.
13. Removed Menu - music_metal_symphonic_eng.html - 2 Replacement(s), Line #(s) - 26, 1000.
14. Removed Menu - music_metal_symphonic_rus.html - 2 Replacement(s), Line #(s) - 27, 1003.

--------------29th of June, 2018, 15:46:52 UTC --------------
1. Removed Menu - about_me_lat.html - 2 Replacement(s), Line #(s) - 24, 332.
2. Removed Menu - about_work_lat.html - 2 Replacement(s), Line #(s) - 24, 332.
3. Removed Menu - amv_2012_lat.html - 2 Replacement(s), Line #(s) - 22, 367.
4. Removed Menu - amv_lat.html - 2 Replacement(s), Line #(s) - 22, 371.
5. Removed Menu - fotos_images_about_ceccoli_lat.html - 2 Replacement(s), Line #(s) - 25, 528.
6. Removed Menu - fotos_images_about_kukula_lat.html - 2 Replacement(s), Line #(s) - 24, 613.
7. Removed Menu - fotos_images_about_mai_ja_lat.html - 2 Replacement(s), Line #(s) - 24, 572.
8. Removed Menu - fotos_images_about_minjae_lee_lat.html - 2 Replacement(s), Line #(s) - 25, 719.
9. Removed Menu - fotos_images_about_stokes_lat.html - 2 Replacement(s), Line #(s) - 24, 627.
10. Removed Menu - fotos_images_ceccoli_works_lat.html - 2 Replacement(s), Line #(s) - 25, 524.
11. Removed Menu - fotos_images_kukula_haute_debutant_lat.html - 2 Replacement(s), Line #(s) - 24, 609.
12. Removed Menu - fotos_images_kukula_pop_royale_lat.html - 2 Replacement(s), Line #(s) - 24, 610.
13. Removed Menu - fotos_images_kukula_selected_paintings_lat.html - 2 Replacement(s), Line #(s) - 23, 609.
14. Removed Menu - fotos_images_kukula_the_adventures_of_rasberry_finn_lat.html - 2 Replacement(s), Line #(s) - 24, 611.
15. Removed Menu - fotos_images_kukula_the_huntington_epidemic_lat.html - 2 Replacement(s), Line #(s) - 24, 608.
16. Removed Menu - fotos_images_mai_ja_digital_paintings_lat.html - 2 Replacement(s), Line #(s) - 25, 574.
17. Removed Menu - fotos_images_mai_ja_traditional_paintings_lat.html - 2 Replacement(s), Line #(s) - 25, 573.
18. Removed Menu - fotos_images_mai_ja_video_lat.html - 2 Replacement(s), Line #(s) - 24, 572.
19. Removed Menu - fotos_images_minjae_lee_2007_lat.html - 2 Replacement(s), Line #(s) - 25, 719.
20. Removed Menu - fotos_images_minjae_lee_2008_lat.html - 2 Replacement(s), Line #(s) - 25, 719.
21. Removed Menu - fotos_images_minjae_lee_2009_lat.html - 2 Replacement(s), Line #(s) - 25, 719.
22. Removed Menu - fotos_images_minjae_lee_2010_lat.html - 2 Replacement(s), Line #(s) - 25, 719.
23. Removed Menu - fotos_images_minjae_lee_2011_lat.html - 2 Replacement(s), Line #(s) - 25, 719.
24. Removed Menu - fotos_images_minjae_lee_2012_lat.html - 2 Replacement(s), Line #(s) - 25, 719.
25. Removed Menu - fotos_images_minjae_lee_2013_lat.html - 2 Replacement(s), Line #(s) - 25, 719.
26. Removed Menu - fotos_images_minjae_lee_2014_lat.html - 2 Replacement(s), Line #(s) - 25, 719.
27. Removed Menu - fotos_images_minjae_lee_2015_lat.html - 2 Replacement(s), Line #(s) - 25, 719.
28. Removed Menu - fotos_images_minjae_lee_2016_lat.html - 2 Replacement(s), Line #(s) - 25, 719.
29. Removed Menu - fotos_images_minjae_lee_2017_lat.html - 2 Replacement(s), Line #(s) - 25, 719.
30. Removed Menu - fotos_images_stokes_age_of_dragons_lat.html - 2 Replacement(s), Line #(s) - 24, 630.
31. Removed Menu - fotos_images_stokes_dragons_lat.html - 2 Replacement(s), Line #(s) - 26, 631.
32. Removed Menu - fotos_images_stokes_fae_lat.html - 2 Replacement(s), Line #(s) - 24, 630.
33. Removed Menu - fotos_images_stokes_gothic_lat.html - 2 Replacement(s), Line #(s) - 23, 626.
34. Removed Menu - fotos_images_stokes_steampunk_lat.html - 2 Replacement(s), Line #(s) - 25, 631.
35. Removed Menu - fotos_images_stokes_tribal_lat.html - 2 Replacement(s), Line #(s) - 25, 632.
36. Removed Menu - fotos_me_lat.html - 2 Replacement(s), Line #(s) - 24, 549.
37. Removed Menu - fotos_soviet_ads_lat.html - 2 Replacement(s), Line #(s) - 24, 487.
38. Removed Menu - fotos_summer_2012_lat.html - 2 Replacement(s), Line #(s) - 24, 553.
39. Removed Menu - fotos_zveri_2012_lat.html - 2 Replacement(s), Line #(s) - 24, 554.
40. Removed Menu - index_lat.html - 2 Replacement(s), Line #(s) - 30, 518.
41. Removed Menu - links_lat.html - 2 Replacement(s), Line #(s) - 21, 337.
42. Removed Menu - news_lat.html - 2 Replacement(s), Line #(s) - 28, 518.
43. Removed Menu - phd_lat.html - 2 Replacement(s), Line #(s) - 21, 332.
44. Removed Menu - radio_lat.html - 2 Replacement(s), Line #(s) - 19, 334.
45. Removed Menu - stuff_9_may_lat.html - 2 Replacement(s), Line #(s) - 24, 629.
46. Removed Menu - stuff_chupacabra_lat.html - 2 Replacement(s), Line #(s) - 22, 447.
47. Removed Menu - stuff_count_dracula_lat.html - 2 Replacement(s), Line #(s) - 24, 622.
48. Removed Menu - stuff_educational_lat.html - 2 Replacement(s), Line #(s) - 24, 448.
49. Removed Menu - stuff_hyperspace_lat.html - 2 Replacement(s), Line #(s) - 21, 448.
50. Removed Menu - stuff_images_general_lat.html - 2 Replacement(s), Line #(s) - 22, 447.
51. Removed Menu - stuff_judaism_lat.html - 2 Replacement(s), Line #(s) - 23, 624.
52. Removed Menu - stuff_lat.html - 2 Replacement(s), Line #(s) - 24, 622.
53. Removed Menu - stuff_latin_lat.html - 2 Replacement(s), Line #(s) - 23, 625.
54. Removed Menu - stuff_phd_lat.html - 2 Replacement(s), Line #(s) - 24, 625.
55. Removed Menu - stuff_russian_lat.html - 2 Replacement(s), Line #(s) - 23, 625.
56. Removed Menu - stuff_ussr_lat.html - 2 Replacement(s), Line #(s) - 23, 623.
57. Removed Menu - stuff_warlock_lat.html - 2 Replacement(s), Line #(s) - 21, 446.
58. Removed Menu - stuff_yeralash_lat.html - 2 Replacement(s), Line #(s) - 23, 623.
